{"/home/travis/build/npmtest/node-npmtest-sift/test.js":{"path":"/home/travis/build/npmtest/node-npmtest-sift/test.js","s":{"1":2,"2":2,"3":2,"4":2,"5":2,"6":2,"7":2,"8":1,"9":2,"10":2,"11":1,"12":1,"13":1,"14":1,"15":2,"16":2,"17":2,"18":2,"19":1,"20":1,"21":2,"22":2,"23":2,"24":1,"25":1,"26":1,"27":1,"28":1,"29":1,"30":1,"31":1,"32":1,"33":1,"34":1,"35":1,"36":1,"37":1,"38":1,"39":2,"40":2,"41":1,"42":2,"43":2,"44":1,"45":2,"46":2,"47":1,"48":2,"49":2,"50":1,"51":1,"52":1,"53":1,"54":1},"b":{"1":[2,1,1,1],"2":[1,1,1,1],"3":[1,1],"4":[1,1],"5":[1,1],"6":[1,1],"7":[1,1],"8":[1,1],"9":[1,1],"10":[1,1,1],"11":[1,1],"12":[1,1],"13":[1,1],"14":[1,1],"15":[1,1],"16":[1,1],"17":[1,1]},"f":{"1":2,"2":2,"3":2,"4":2,"5":2,"6":1,"7":1,"8":1,"9":2,"10":2,"11":2,"12":2,"13":1},"fnMap":{"1":{"name":"(anonymous_1)","line":12,"loc":{"start":{"line":12,"column":1},"end":{"line":12,"column":13}}},"2":{"name":"(anonymous_2)","line":19,"loc":{"start":{"line":19,"column":5},"end":{"line":19,"column":17}}},"3":{"name":"(anonymous_3)","line":23,"loc":{"start":{"line":23,"column":24},"end":{"line":23,"column":36}}},"4":{"name":"(anonymous_4)","line":61,"loc":{"start":{"line":61,"column":5},"end":{"line":61,"column":17}}},"5":{"name":"(anonymous_5)","line":82,"loc":{"start":{"line":82,"column":5},"end":{"line":82,"column":17}}},"6":{"name":"(anonymous_6)","line":91,"loc":{"start":{"line":91,"column":77},"end":{"line":94,"column":10}}},"7":{"name":"(anonymous_7)","line":112,"loc":{"start":{"line":112,"column":83},"end":{"line":115,"column":10}},"skip":true},"8":{"name":"(anonymous_8)","line":123,"loc":{"start":{"line":123,"column":77},"end":{"line":126,"column":10}},"skip":true},"9":{"name":"(anonymous_9)","line":139,"loc":{"start":{"line":139,"column":12},"end":{"line":139,"column":40}},"skip":true},"10":{"name":"(anonymous_10)","line":147,"loc":{"start":{"line":147,"column":77},"end":{"line":150,"column":10}},"skip":true},"11":{"name":"(anonymous_11)","line":158,"loc":{"start":{"line":158,"column":83},"end":{"line":161,"column":10}},"skip":true},"12":{"name":"(anonymous_12)","line":169,"loc":{"start":{"line":169,"column":79},"end":{"line":172,"column":10}},"skip":true},"13":{"name":"(anonymous_13)","line":180,"loc":{"start":{"line":180,"column":75},"end":{"line":183,"column":10}},"skip":true}},"statementMap":{"1":{"start":{"line":12,"column":0},"end":{"line":195,"column":5}},"2":{"start":{"line":14,"column":4},"end":{"line":14,"column":14}},"3":{"start":{"line":19,"column":4},"end":{"line":56,"column":9}},"4":{"start":{"line":21,"column":8},"end":{"line":21,"column":19}},"5":{"start":{"line":23,"column":8},"end":{"line":35,"column":13}},"6":{"start":{"line":24,"column":12},"end":{"line":34,"column":13}},"7":{"start":{"line":25,"column":16},"end":{"line":28,"column":30}},"8":{"start":{"line":30,"column":16},"end":{"line":33,"column":27}},"9":{"start":{"line":37,"column":8},"end":{"line":39,"column":21}},"10":{"start":{"line":40,"column":8},"end":{"line":53,"column":9}},"11":{"start":{"line":43,"column":12},"end":{"line":46,"column":14}},"12":{"start":{"line":47,"column":12},"end":{"line":47,"column":18}},"13":{"start":{"line":50,"column":12},"end":{"line":51,"column":46}},"14":{"start":{"line":52,"column":12},"end":{"line":52,"column":18}},"15":{"start":{"line":55,"column":8},"end":{"line":55,"column":35}},"16":{"start":{"line":61,"column":4},"end":{"line":63,"column":9}},"17":{"start":{"line":62,"column":8},"end":{"line":62,"column":15}},"18":{"start":{"line":64,"column":4},"end":{"line":77,"column":5}},"19":{"start":{"line":70,"column":8},"end":{"line":70,"column":14}},"20":{"start":{"line":76,"column":8},"end":{"line":76,"column":14}},"21":{"start":{"line":82,"column":4},"end":{"line":84,"column":9}},"22":{"start":{"line":83,"column":8},"end":{"line":83,"column":15}},"23":{"start":{"line":85,"column":4},"end":{"line":194,"column":5}},"24":{"start":{"line":91,"column":8},"end":{"line":99,"column":10}},"25":{"start":{"line":98,"column":12},"end":{"line":98,"column":35}},"26":{"start":{"line":102,"column":8},"end":{"line":104,"column":63}},"27":{"start":{"line":105,"column":8},"end":{"line":105,"column":14}},"28":{"start":{"line":112,"column":8},"end":{"line":121,"column":10},"skip":true},"29":{"start":{"line":119,"column":12},"end":{"line":119,"column":55},"skip":true},"30":{"start":{"line":120,"column":12},"end":{"line":120,"column":48},"skip":true},"31":{"start":{"line":123,"column":8},"end":{"line":136,"column":10},"skip":true},"32":{"start":{"line":130,"column":12},"end":{"line":130,"column":76},"skip":true},"33":{"start":{"line":131,"column":12},"end":{"line":131,"column":73},"skip":true},"34":{"start":{"line":132,"column":12},"end":{"line":132,"column":74},"skip":true},"35":{"start":{"line":133,"column":12},"end":{"line":133,"column":79},"skip":true},"36":{"start":{"line":134,"column":12},"end":{"line":134,"column":25},"skip":true},"37":{"start":{"line":135,"column":12},"end":{"line":135,"column":45},"skip":true},"38":{"start":{"line":138,"column":8},"end":{"line":145,"column":14},"skip":true},"39":{"start":{"line":143,"column":16},"end":{"line":143,"column":29},"skip":true},"40":{"start":{"line":144,"column":16},"end":{"line":144,"column":55},"skip":true},"41":{"start":{"line":147,"column":8},"end":{"line":156,"column":10},"skip":true},"42":{"start":{"line":154,"column":12},"end":{"line":154,"column":25},"skip":true},"43":{"start":{"line":155,"column":12},"end":{"line":155,"column":45},"skip":true},"44":{"start":{"line":158,"column":8},"end":{"line":167,"column":10},"skip":true},"45":{"start":{"line":165,"column":12},"end":{"line":165,"column":25},"skip":true},"46":{"start":{"line":166,"column":12},"end":{"line":166,"column":48},"skip":true},"47":{"start":{"line":169,"column":8},"end":{"line":178,"column":10},"skip":true},"48":{"start":{"line":176,"column":12},"end":{"line":176,"column":25},"skip":true},"49":{"start":{"line":177,"column":12},"end":{"line":177,"column":46},"skip":true},"50":{"start":{"line":180,"column":8},"end":{"line":189,"column":10},"skip":true},"51":{"start":{"line":187,"column":12},"end":{"line":187,"column":94},"skip":true},"52":{"start":{"line":188,"column":12},"end":{"line":188,"column":48},"skip":true},"53":{"start":{"line":192,"column":8},"end":{"line":192,"column":35},"skip":true},"54":{"start":{"line":193,"column":8},"end":{"line":193,"column":14},"skip":true}},"branchMap":{"1":{"line":25,"type":"binary-expr","locations":[{"start":{"line":25,"column":23},"end":{"line":25,"column":62}},{"start":{"line":26,"column":20},"end":{"line":26,"column":70}},{"start":{"line":27,"column":20},"end":{"line":27,"column":71}},{"start":{"line":28,"column":20},"end":{"line":28,"column":29}}]},"2":{"line":30,"type":"binary-expr","locations":[{"start":{"line":30,"column":23},"end":{"line":30,"column":37}},{"start":{"line":31,"column":20},"end":{"line":31,"column":61}},{"start":{"line":32,"column":20},"end":{"line":32,"column":70}},{"start":{"line":33,"column":20},"end":{"line":33,"column":26}}]},"3":{"line":37,"type":"cond-expr","locations":[{"start":{"line":38,"column":14},"end":{"line":38,"column":20}},{"start":{"line":39,"column":14},"end":{"line":39,"column":20}}]},"4":{"line":40,"type":"switch","locations":[{"start":{"line":42,"column":8},"end":{"line":47,"column":18}},{"start":{"line":49,"column":8},"end":{"line":52,"column":18}}]},"5":{"line":44,"type":"binary-expr","locations":[{"start":{"line":44,"column":16},"end":{"line":44,"column":44}},{"start":{"line":44,"column":48},"end":{"line":44,"column":66}}]},"6":{"line":50,"type":"binary-expr","locations":[{"start":{"line":50,"column":21},"end":{"line":50,"column":49}},{"start":{"line":50,"column":53},"end":{"line":50,"column":72}}]},"7":{"line":64,"type":"switch","locations":[{"start":{"line":69,"column":4},"end":{"line":70,"column":14}},{"start":{"line":75,"column":4},"end":{"line":76,"column":14}}]},"8":{"line":85,"type":"switch","locations":[{"start":{"line":90,"column":4},"end":{"line":105,"column":14}},{"start":{"line":111,"column":4},"end":{"line":193,"column":14},"skip":true}]},"9":{"line":91,"type":"binary-expr","locations":[{"start":{"line":91,"column":42},"end":{"line":91,"column":73}},{"start":{"line":91,"column":77},"end":{"line":99,"column":9}}]},"10":{"line":102,"type":"binary-expr","locations":[{"start":{"line":102,"column":18},"end":{"line":102,"column":32}},{"start":{"line":103,"column":12},"end":{"line":103,"column":53}},{"start":{"line":104,"column":12},"end":{"line":104,"column":61}}]},"11":{"line":112,"type":"binary-expr","locations":[{"start":{"line":112,"column":45},"end":{"line":112,"column":79},"skip":true},{"start":{"line":112,"column":83},"end":{"line":121,"column":9},"skip":true}]},"12":{"line":123,"type":"binary-expr","locations":[{"start":{"line":123,"column":42},"end":{"line":123,"column":73},"skip":true},{"start":{"line":123,"column":77},"end":{"line":136,"column":9},"skip":true}]},"13":{"line":138,"type":"binary-expr","locations":[{"start":{"line":138,"column":48},"end":{"line":138,"column":85},"skip":true},{"start":{"line":139,"column":12},"end":{"line":145,"column":13},"skip":true}]},"14":{"line":147,"type":"binary-expr","locations":[{"start":{"line":147,"column":42},"end":{"line":147,"column":73},"skip":true},{"start":{"line":147,"column":77},"end":{"line":156,"column":9},"skip":true}]},"15":{"line":158,"type":"binary-expr","locations":[{"start":{"line":158,"column":45},"end":{"line":158,"column":79},"skip":true},{"start":{"line":158,"column":83},"end":{"line":167,"column":9},"skip":true}]},"16":{"line":169,"type":"binary-expr","locations":[{"start":{"line":169,"column":43},"end":{"line":169,"column":75},"skip":true},{"start":{"line":169,"column":79},"end":{"line":178,"column":9},"skip":true}]},"17":{"line":180,"type":"binary-expr","locations":[{"start":{"line":180,"column":41},"end":{"line":180,"column":71},"skip":true},{"start":{"line":180,"column":75},"end":{"line":189,"column":9},"skip":true}]}},"code":["/* istanbul instrument in package npmtest_sift */","/*jslint","    bitwise: true,","    browser: true,","    maxerr: 8,","    maxlen: 96,","    node: true,","    nomen: true,","    regexp: true,","    stupid: true","*/","(function () {","    'use strict';","    var local;","","","","    // run shared js-env code - pre-init","    (function () {","        // init local","        local = {};","        // init modeJs","        local.modeJs = (function () {","            try {","                return typeof navigator.userAgent === 'string' &&","                    typeof document.querySelector('body') === 'object' &&","                    typeof XMLHttpRequest.prototype.open === 'function' &&","                    'browser';","            } catch (errorCaughtBrowser) {","                return module.exports &&","                    typeof process.versions.node === 'string' &&","                    typeof require('http').createServer === 'function' &&","                    'node';","            }","        }());","        // init global","        local.global = local.modeJs === 'browser'","            ? window","            : global;","        switch (local.modeJs) {","        // re-init local from window.local","        case 'browser':","            local = local.global.utility2.objectSetDefault(","                local.global.utility2_rollup || local.global.local,","                local.global.utility2","            );","            break;","        // re-init local from example.js","        case 'node':","            local = (local.global.utility2_rollup || require('utility2'))","                .requireExampleJsFromReadme();","            break;","        }","        // export local","        local.global.local = local;","    }());","","","","    // run shared js-env code - function","    (function () {","        return;","    }());","    switch (local.modeJs) {","","","","    // run browser js-env code - function","    case 'browser':","        break;","","","","    // run node js-env code - function","    case 'node':","        break;","    }","","","","    // run shared js-env code - post-init","    (function () {","        return;","    }());","    switch (local.modeJs) {","","","","    // run browser js-env code - post-init","    case 'browser':","        local.testCase_browser_nullCase = local.testCase_browser_nullCase || function (","            options,","            onError","        ) {","        /*","         * this function will test browsers's null-case handling-behavior-behavior","         */","            onError(null, options);","        };","","        // run tests","        local.nop(local.modeTest &&","            document.querySelector('#testRunButton1') &&","            document.querySelector('#testRunButton1').click());","        break;","","","","    // run node js-env code - post-init","    /* istanbul ignore next */","    case 'node':","        local.testCase_buildApidoc_default = local.testCase_buildApidoc_default || function (","            options,","            onError","        ) {","        /*","         * this function will test buildApidoc's default handling-behavior-behavior","         */","            options = { modulePathList: module.paths };","            local.buildApidoc(options, onError);","        };","","        local.testCase_buildApp_default = local.testCase_buildApp_default || function (","            options,","            onError","        ) {","        /*","         * this function will test buildApp's default handling-behavior-behavior","         */","            local.testCase_buildReadme_default(options, local.onErrorThrow);","            local.testCase_buildLib_default(options, local.onErrorThrow);","            local.testCase_buildTest_default(options, local.onErrorThrow);","            local.testCase_buildCustomOrg_default(options, local.onErrorThrow);","            options = [];","            local.buildApp(options, onError);","        };","","        local.testCase_buildCustomOrg_default = local.testCase_buildCustomOrg_default ||","            function (options, onError) {","            /*","             * this function will test buildCustomOrg's default handling-behavior","             */","                options = {};","                local.buildCustomOrg(options, onError);","            };","","        local.testCase_buildLib_default = local.testCase_buildLib_default || function (","            options,","            onError","        ) {","        /*","         * this function will test buildLib's default handling-behavior","         */","            options = {};","            local.buildLib(options, onError);","        };","","        local.testCase_buildReadme_default = local.testCase_buildReadme_default || function (","            options,","            onError","        ) {","        /*","         * this function will test buildReadme's default handling-behavior-behavior","         */","            options = {};","            local.buildReadme(options, onError);","        };","","        local.testCase_buildTest_default = local.testCase_buildTest_default || function (","            options,","            onError","        ) {","        /*","         * this function will test buildTest's default handling-behavior","         */","            options = {};","            local.buildTest(options, onError);","        };","","        local.testCase_webpage_default = local.testCase_webpage_default || function (","            options,","            onError","        ) {","        /*","         * this function will test webpage's default handling-behavior","         */","            options = { modeCoverageMerge: true, url: local.serverLocalHost + '?modeTest=1' };","            local.browserTest(options, onError);","        };","","        // run test-server","        local.testRunServer(local);","        break;","    }","}());",""],"l":{"12":2,"14":2,"19":2,"21":2,"23":2,"24":2,"25":2,"30":1,"37":2,"40":2,"43":1,"47":1,"50":1,"52":1,"55":2,"61":2,"62":2,"64":2,"70":1,"76":1,"82":2,"83":2,"85":2,"91":1,"98":1,"102":1,"105":1,"112":1,"119":1,"120":1,"123":1,"130":1,"131":1,"132":1,"133":1,"134":1,"135":1,"138":1,"143":2,"144":2,"147":1,"154":2,"155":2,"158":1,"165":2,"166":2,"169":1,"176":2,"177":2,"180":1,"187":1,"188":1,"192":1,"193":1}},"/home/travis/build/npmtest/node-npmtest-sift/lib.npmtest_sift.js":{"path":"/home/travis/build/npmtest/node-npmtest-sift/lib.npmtest_sift.js","s":{"1":2,"2":2,"3":2,"4":2,"5":2,"6":2,"7":2,"8":1,"9":2,"10":2,"11":2,"12":2,"13":1,"14":1,"15":1,"16":1},"b":{"1":[2,1,1,1],"2":[1,1,1,1],"3":[1,1],"4":[2,2],"5":[1,1]},"f":{"1":2,"2":2,"3":2},"fnMap":{"1":{"name":"(anonymous_1)","line":12,"loc":{"start":{"line":12,"column":1},"end":{"line":12,"column":13}}},"2":{"name":"(anonymous_2)","line":19,"loc":{"start":{"line":19,"column":5},"end":{"line":19,"column":17}}},"3":{"name":"(anonymous_3)","line":23,"loc":{"start":{"line":23,"column":24},"end":{"line":23,"column":36}}}},"statementMap":{"1":{"start":{"line":12,"column":0},"end":{"line":53,"column":5}},"2":{"start":{"line":14,"column":4},"end":{"line":14,"column":14}},"3":{"start":{"line":19,"column":4},"end":{"line":52,"column":9}},"4":{"start":{"line":21,"column":8},"end":{"line":21,"column":19}},"5":{"start":{"line":23,"column":8},"end":{"line":35,"column":13}},"6":{"start":{"line":24,"column":12},"end":{"line":34,"column":13}},"7":{"start":{"line":25,"column":16},"end":{"line":28,"column":30}},"8":{"start":{"line":30,"column":16},"end":{"line":33,"column":27}},"9":{"start":{"line":37,"column":8},"end":{"line":39,"column":21}},"10":{"start":{"line":41,"column":8},"end":{"line":41,"column":54}},"11":{"start":{"line":43,"column":8},"end":{"line":43,"column":49}},"12":{"start":{"line":45,"column":8},"end":{"line":51,"column":9}},"13":{"start":{"line":46,"column":12},"end":{"line":46,"column":55}},"14":{"start":{"line":48,"column":12},"end":{"line":48,"column":35}},"15":{"start":{"line":49,"column":12},"end":{"line":49,"column":49}},"16":{"start":{"line":50,"column":12},"end":{"line":50,"column":43}}},"branchMap":{"1":{"line":25,"type":"binary-expr","locations":[{"start":{"line":25,"column":23},"end":{"line":25,"column":62}},{"start":{"line":26,"column":20},"end":{"line":26,"column":70}},{"start":{"line":27,"column":20},"end":{"line":27,"column":71}},{"start":{"line":28,"column":20},"end":{"line":28,"column":29}}]},"2":{"line":30,"type":"binary-expr","locations":[{"start":{"line":30,"column":23},"end":{"line":30,"column":37}},{"start":{"line":31,"column":20},"end":{"line":31,"column":61}},{"start":{"line":32,"column":20},"end":{"line":32,"column":70}},{"start":{"line":33,"column":20},"end":{"line":33,"column":26}}]},"3":{"line":37,"type":"cond-expr","locations":[{"start":{"line":38,"column":14},"end":{"line":38,"column":20}},{"start":{"line":39,"column":14},"end":{"line":39,"column":20}}]},"4":{"line":41,"type":"binary-expr","locations":[{"start":{"line":41,"column":16},"end":{"line":41,"column":44}},{"start":{"line":41,"column":48},"end":{"line":41,"column":53}}]},"5":{"line":45,"type":"if","locations":[{"start":{"line":45,"column":8},"end":{"line":45,"column":8}},{"start":{"line":45,"column":8},"end":{"line":45,"column":8}}]}},"code":["/* istanbul instrument in package npmtest_sift */","/*jslint","    bitwise: true,","    browser: true,","    maxerr: 8,","    maxlen: 96,","    node: true,","    nomen: true,","    regexp: true,","    stupid: true","*/","(function () {","    'use strict';","    var local;","","","","    // run shared js-env code - pre-init","    (function () {","        // init local","        local = {};","        // init modeJs","        local.modeJs = (function () {","            try {","                return typeof navigator.userAgent === 'string' &&","                    typeof document.querySelector('body') === 'object' &&","                    typeof XMLHttpRequest.prototype.open === 'function' &&","                    'browser';","            } catch (errorCaughtBrowser) {","                return module.exports &&","                    typeof process.versions.node === 'string' &&","                    typeof require('http').createServer === 'function' &&","                    'node';","            }","        }());","        // init global","        local.global = local.modeJs === 'browser'","            ? window","            : global;","        // init utility2_rollup","        local = local.global.utility2_rollup || local;","        // init lib","        local.local = local.npmtest_sift = local;","        // init exports","        if (local.modeJs === 'browser') {","            local.global.utility2_npmtest_sift = local;","        } else {","            module.exports = local;","            module.exports.__dirname = __dirname;","            module.exports.module = module;","        }","    }());","}());",""],"l":{"12":2,"14":2,"19":2,"21":2,"23":2,"24":2,"25":2,"30":1,"37":2,"41":2,"43":2,"45":2,"46":1,"48":1,"49":1,"50":1}},"/home/travis/build/npmtest/node-npmtest-sift/example.js":{"path":"/home/travis/build/npmtest/node-npmtest-sift/example.js","s":{"1":2,"2":2,"3":2,"4":2,"5":2,"6":2,"7":2,"8":1,"9":2,"10":2,"11":2,"12":2,"13":1,"14":2,"15":2,"16":2,"17":2,"18":2,"19":0,"20":2,"21":1,"22":1,"23":1,"24":1,"25":1,"26":0,"27":0,"28":1,"29":1,"30":2,"31":0,"32":0,"33":0,"34":1,"35":2,"36":2,"37":3,"38":3,"39":3,"40":3,"41":0,"42":3,"43":3,"44":3,"45":1,"46":3,"47":1,"48":1,"49":1,"50":1,"51":1,"52":1,"53":1,"54":1,"55":1,"56":1,"57":0,"58":1,"59":6,"60":6,"61":1,"62":2,"63":0,"64":2,"65":1,"66":1,"67":0,"68":0,"69":0,"70":0,"71":0,"72":0,"73":0,"74":0,"75":0,"76":0,"77":0,"78":0,"79":0,"80":0,"81":0,"82":0,"83":0},"b":{"1":[2,1,1,1],"2":[1,1,1,1],"3":[1,1],"4":[2,2],"5":[1,1],"6":[1,1],"7":[2,0],"8":[2,1,1,1,1,1],"9":[0,2,0],"10":[1,1],"11":[2,1,1],"12":[1,0],"13":[0,2],"14":[2,0,0,0,0,0,0],"15":[0,3],"16":[3,0],"17":[1,1],"18":[0,1],"19":[1,2,0,2],"20":[1,0],"21":[1,1],"22":[0,0],"23":[0,0],"24":[0,0],"25":[0,0],"26":[0,0],"27":[0,0],"28":[0,0]},"f":{"1":2,"2":2,"3":2,"4":2,"5":2,"6":2,"7":3,"8":3,"9":3,"10":1,"11":6,"12":0},"fnMap":{"1":{"name":"(anonymous_1)","line":26,"loc":{"start":{"line":26,"column":1},"end":{"line":26,"column":13}}},"2":{"name":"(anonymous_2)","line":33,"loc":{"start":{"line":33,"column":5},"end":{"line":33,"column":17}}},"3":{"name":"(anonymous_3)","line":37,"loc":{"start":{"line":37,"column":24},"end":{"line":37,"column":36}}},"4":{"name":"(anonymous_4)","line":69,"loc":{"start":{"line":69,"column":31},"end":{"line":69,"column":48}},"skip":true},"5":{"name":"(anonymous_5)","line":78,"loc":{"start":{"line":78,"column":26},"end":{"line":78,"column":45}},"skip":true},"6":{"name":"(anonymous_6)","line":123,"loc":{"start":{"line":123,"column":33},"end":{"line":123,"column":48}},"skip":true},"7":{"name":"(anonymous_7)","line":125,"loc":{"start":{"line":125,"column":27},"end":{"line":125,"column":39}},"skip":true},"8":{"name":"(anonymous_8)","line":133,"loc":{"start":{"line":133,"column":59},"end":{"line":133,"column":74}},"skip":true},"9":{"name":"(anonymous_9)","line":143,"loc":{"start":{"line":143,"column":45},"end":{"line":143,"column":62}},"skip":true},"10":{"name":"(anonymous_10)","line":144,"loc":{"start":{"line":144,"column":73},"end":{"line":144,"column":92}},"skip":true},"11":{"name":"(anonymous_11)","line":272,"loc":{"start":{"line":272,"column":51},"end":{"line":272,"column":77}},"skip":true},"12":{"name":"(anonymous_12)","line":315,"loc":{"start":{"line":315,"column":32},"end":{"line":315,"column":61}},"skip":true}},"statementMap":{"1":{"start":{"line":26,"column":0},"end":{"line":326,"column":5}},"2":{"start":{"line":28,"column":4},"end":{"line":28,"column":14}},"3":{"start":{"line":33,"column":4},"end":{"line":60,"column":9}},"4":{"start":{"line":35,"column":8},"end":{"line":35,"column":19}},"5":{"start":{"line":37,"column":8},"end":{"line":49,"column":13}},"6":{"start":{"line":38,"column":12},"end":{"line":48,"column":13}},"7":{"start":{"line":39,"column":16},"end":{"line":42,"column":30}},"8":{"start":{"line":44,"column":16},"end":{"line":47,"column":27}},"9":{"start":{"line":51,"column":8},"end":{"line":53,"column":21}},"10":{"start":{"line":55,"column":8},"end":{"line":57,"column":45}},"11":{"start":{"line":59,"column":8},"end":{"line":59,"column":35}},"12":{"start":{"line":61,"column":4},"end":{"line":325,"column":5}},"13":{"start":{"line":69,"column":8},"end":{"line":121,"column":10},"skip":true},"14":{"start":{"line":70,"column":12},"end":{"line":88,"column":13},"skip":true},"15":{"start":{"line":76,"column":16},"end":{"line":87,"column":19},"skip":true},"16":{"start":{"line":79,"column":20},"end":{"line":86,"column":21},"skip":true},"17":{"start":{"line":82,"column":24},"end":{"line":82,"column":43},"skip":true},"18":{"start":{"line":83,"column":24},"end":{"line":83,"column":30},"skip":true},"19":{"start":{"line":85,"column":24},"end":{"line":85,"column":49},"skip":true},"20":{"start":{"line":89,"column":12},"end":{"line":107,"column":13},"skip":true},"21":{"start":{"line":92,"column":16},"end":{"line":102,"column":17},"skip":true},"22":{"start":{"line":93,"column":20},"end":{"line":93,"column":86},"skip":true},"23":{"start":{"line":94,"column":20},"end":{"line":95,"column":45},"skip":true},"24":{"start":{"line":96,"column":20},"end":{"line":96,"column":42},"skip":true},"25":{"start":{"line":97,"column":20},"end":{"line":97,"column":48},"skip":true},"26":{"start":{"line":100,"column":20},"end":{"line":100,"column":85},"skip":true},"27":{"start":{"line":101,"column":20},"end":{"line":101,"column":96},"skip":true},"28":{"start":{"line":103,"column":16},"end":{"line":103,"column":22},"skip":true},"29":{"start":{"line":106,"column":16},"end":{"line":106,"column":22},"skip":true},"30":{"start":{"line":108,"column":12},"end":{"line":120,"column":13},"skip":true},"31":{"start":{"line":114,"column":16},"end":{"line":119,"column":17},"skip":true},"32":{"start":{"line":116,"column":20},"end":{"line":116,"column":78},"skip":true},"33":{"start":{"line":118,"column":20},"end":{"line":118,"column":47},"skip":true},"34":{"start":{"line":123,"column":8},"end":{"line":141,"column":11},"skip":true},"35":{"start":{"line":124,"column":12},"end":{"line":124,"column":54},"skip":true},"36":{"start":{"line":125,"column":12},"end":{"line":140,"column":14},"skip":true},"37":{"start":{"line":126,"column":16},"end":{"line":126,"column":28},"skip":true},"38":{"start":{"line":127,"column":16},"end":{"line":127,"column":69},"skip":true},"39":{"start":{"line":128,"column":16},"end":{"line":128,"column":75},"skip":true},"40":{"start":{"line":129,"column":16},"end":{"line":131,"column":17},"skip":true},"41":{"start":{"line":130,"column":20},"end":{"line":130,"column":27},"skip":true},"42":{"start":{"line":133,"column":16},"end":{"line":137,"column":36},"skip":true},"43":{"start":{"line":134,"column":20},"end":{"line":136,"column":55},"skip":true},"44":{"start":{"line":139,"column":16},"end":{"line":139,"column":57},"skip":true},"45":{"start":{"line":143,"column":8},"end":{"line":147,"column":11},"skip":true},"46":{"start":{"line":144,"column":12},"end":{"line":146,"column":15},"skip":true},"47":{"start":{"line":145,"column":16},"end":{"line":145,"column":70},"skip":true},"48":{"start":{"line":149,"column":8},"end":{"line":149,"column":31},"skip":true},"49":{"start":{"line":150,"column":8},"end":{"line":150,"column":14},"skip":true},"50":{"start":{"line":158,"column":8},"end":{"line":158,"column":31},"skip":true},"51":{"start":{"line":160,"column":8},"end":{"line":160,"column":33},"skip":true},"52":{"start":{"line":161,"column":8},"end":{"line":161,"column":37},"skip":true},"53":{"start":{"line":162,"column":8},"end":{"line":162,"column":35},"skip":true},"54":{"start":{"line":164,"column":8},"end":{"line":164,"column":50},"skip":true},"55":{"start":{"line":166,"column":8},"end":{"line":256,"column":2},"skip":true},"56":{"start":{"line":258,"column":8},"end":{"line":286,"column":9},"skip":true},"57":{"start":{"line":259,"column":12},"end":{"line":269,"column":14},"skip":true},"58":{"start":{"line":271,"column":12},"end":{"line":285,"column":19},"skip":true},"59":{"start":{"line":274,"column":20},"end":{"line":274,"column":35},"skip":true},"60":{"start":{"line":275,"column":20},"end":{"line":284,"column":21},"skip":true},"61":{"start":{"line":277,"column":24},"end":{"line":277,"column":64},"skip":true},"62":{"start":{"line":279,"column":24},"end":{"line":279,"column":40},"skip":true},"63":{"start":{"line":281,"column":24},"end":{"line":281,"column":40},"skip":true},"64":{"start":{"line":283,"column":24},"end":{"line":283,"column":39},"skip":true},"65":{"start":{"line":288,"column":8},"end":{"line":290,"column":9},"skip":true},"66":{"start":{"line":289,"column":12},"end":{"line":289,"column":18},"skip":true},"67":{"start":{"line":291,"column":8},"end":{"line":293,"column":54},"skip":true},"68":{"start":{"line":296,"column":8},"end":{"line":301,"column":37},"skip":true},"69":{"start":{"line":303,"column":8},"end":{"line":303,"column":82},"skip":true},"70":{"start":{"line":306,"column":8},"end":{"line":308,"column":9},"skip":true},"71":{"start":{"line":307,"column":12},"end":{"line":307,"column":82},"skip":true},"72":{"start":{"line":310,"column":8},"end":{"line":312,"column":9},"skip":true},"73":{"start":{"line":311,"column":12},"end":{"line":311,"column":18},"skip":true},"74":{"start":{"line":313,"column":8},"end":{"line":313,"column":54},"skip":true},"75":{"start":{"line":314,"column":8},"end":{"line":314,"column":69},"skip":true},"76":{"start":{"line":315,"column":8},"end":{"line":323,"column":36},"skip":true},"77":{"start":{"line":316,"column":12},"end":{"line":316,"column":61},"skip":true},"78":{"start":{"line":317,"column":12},"end":{"line":320,"column":13},"skip":true},"79":{"start":{"line":318,"column":16},"end":{"line":318,"column":75},"skip":true},"80":{"start":{"line":319,"column":16},"end":{"line":319,"column":23},"skip":true},"81":{"start":{"line":321,"column":12},"end":{"line":321,"column":38},"skip":true},"82":{"start":{"line":322,"column":12},"end":{"line":322,"column":27},"skip":true},"83":{"start":{"line":324,"column":8},"end":{"line":324,"column":14},"skip":true}},"branchMap":{"1":{"line":39,"type":"binary-expr","locations":[{"start":{"line":39,"column":23},"end":{"line":39,"column":62}},{"start":{"line":40,"column":20},"end":{"line":40,"column":70}},{"start":{"line":41,"column":20},"end":{"line":41,"column":71}},{"start":{"line":42,"column":20},"end":{"line":42,"column":29}}]},"2":{"line":44,"type":"binary-expr","locations":[{"start":{"line":44,"column":23},"end":{"line":44,"column":37}},{"start":{"line":45,"column":20},"end":{"line":45,"column":61}},{"start":{"line":46,"column":20},"end":{"line":46,"column":70}},{"start":{"line":47,"column":20},"end":{"line":47,"column":26}}]},"3":{"line":51,"type":"cond-expr","locations":[{"start":{"line":52,"column":14},"end":{"line":52,"column":20}},{"start":{"line":53,"column":14},"end":{"line":53,"column":20}}]},"4":{"line":55,"type":"binary-expr","locations":[{"start":{"line":55,"column":16},"end":{"line":55,"column":44}},{"start":{"line":55,"column":49},"end":{"line":57,"column":43}}]},"5":{"line":55,"type":"cond-expr","locations":[{"start":{"line":56,"column":14},"end":{"line":56,"column":48}},{"start":{"line":57,"column":14},"end":{"line":57,"column":43}}]},"6":{"line":61,"type":"switch","locations":[{"start":{"line":68,"column":4},"end":{"line":150,"column":14},"skip":true},{"start":{"line":156,"column":4},"end":{"line":324,"column":14},"skip":true}]},"7":{"line":70,"type":"if","locations":[{"start":{"line":70,"column":12},"end":{"line":70,"column":12},"skip":true},{"start":{"line":70,"column":12},"end":{"line":70,"column":12},"skip":true}]},"8":{"line":70,"type":"binary-expr","locations":[{"start":{"line":70,"column":16},"end":{"line":70,"column":22},"skip":true},{"start":{"line":70,"column":27},"end":{"line":70,"column":32},"skip":true},{"start":{"line":71,"column":20},"end":{"line":71,"column":39},"skip":true},{"start":{"line":72,"column":20},"end":{"line":72,"column":49},"skip":true},{"start":{"line":73,"column":20},"end":{"line":73,"column":58},"skip":true},{"start":{"line":74,"column":20},"end":{"line":74,"column":69},"skip":true}]},"9":{"line":79,"type":"switch","locations":[{"start":{"line":80,"column":20},"end":{"line":80,"column":33},"skip":true},{"start":{"line":81,"column":20},"end":{"line":83,"column":30},"skip":true},{"start":{"line":84,"column":20},"end":{"line":85,"column":49},"skip":true}]},"10":{"line":89,"type":"switch","locations":[{"start":{"line":90,"column":12},"end":{"line":103,"column":22},"skip":true},{"start":{"line":105,"column":12},"end":{"line":106,"column":22},"skip":true}]},"11":{"line":89,"type":"binary-expr","locations":[{"start":{"line":89,"column":20},"end":{"line":89,"column":25},"skip":true},{"start":{"line":89,"column":29},"end":{"line":89,"column":48},"skip":true},{"start":{"line":89,"column":52},"end":{"line":89,"column":74},"skip":true}]},"12":{"line":92,"type":"if","locations":[{"start":{"line":92,"column":16},"end":{"line":92,"column":16},"skip":true},{"start":{"line":92,"column":16},"end":{"line":92,"column":16},"skip":true}]},"13":{"line":108,"type":"if","locations":[{"start":{"line":108,"column":12},"end":{"line":108,"column":12},"skip":true},{"start":{"line":108,"column":12},"end":{"line":108,"column":12},"skip":true}]},"14":{"line":108,"type":"binary-expr","locations":[{"start":{"line":108,"column":16},"end":{"line":108,"column":61},"skip":true},{"start":{"line":108,"column":66},"end":{"line":108,"column":72},"skip":true},{"start":{"line":108,"column":77},"end":{"line":108,"column":82},"skip":true},{"start":{"line":109,"column":20},"end":{"line":109,"column":39},"skip":true},{"start":{"line":110,"column":20},"end":{"line":110,"column":49},"skip":true},{"start":{"line":111,"column":20},"end":{"line":111,"column":58},"skip":true},{"start":{"line":112,"column":20},"end":{"line":112,"column":68},"skip":true}]},"15":{"line":129,"type":"if","locations":[{"start":{"line":129,"column":16},"end":{"line":129,"column":16},"skip":true},{"start":{"line":129,"column":16},"end":{"line":129,"column":16},"skip":true}]},"16":{"line":134,"type":"cond-expr","locations":[{"start":{"line":135,"column":26},"end":{"line":135,"column":29},"skip":true},{"start":{"line":136,"column":26},"end":{"line":136,"column":54},"skip":true}]},"17":{"line":164,"type":"binary-expr","locations":[{"start":{"line":164,"column":27},"end":{"line":164,"column":43},"skip":true},{"start":{"line":164,"column":47},"end":{"line":164,"column":49},"skip":true}]},"18":{"line":258,"type":"if","locations":[{"start":{"line":258,"column":8},"end":{"line":258,"column":8},"skip":true},{"start":{"line":258,"column":8},"end":{"line":258,"column":8},"skip":true}]},"19":{"line":275,"type":"switch","locations":[{"start":{"line":276,"column":20},"end":{"line":277,"column":64},"skip":true},{"start":{"line":278,"column":20},"end":{"line":279,"column":40},"skip":true},{"start":{"line":280,"column":20},"end":{"line":281,"column":40},"skip":true},{"start":{"line":282,"column":20},"end":{"line":283,"column":39},"skip":true}]},"20":{"line":288,"type":"if","locations":[{"start":{"line":288,"column":8},"end":{"line":288,"column":8},"skip":true},{"start":{"line":288,"column":8},"end":{"line":288,"column":8},"skip":true}]},"21":{"line":288,"type":"binary-expr","locations":[{"start":{"line":288,"column":12},"end":{"line":288,"column":40},"skip":true},{"start":{"line":288,"column":44},"end":{"line":288,"column":67},"skip":true}]},"22":{"line":292,"type":"binary-expr","locations":[{"start":{"line":292,"column":12},"end":{"line":292,"column":50},"skip":true},{"start":{"line":293,"column":12},"end":{"line":293,"column":53},"skip":true}]},"23":{"line":297,"type":"binary-expr","locations":[{"start":{"line":297,"column":12},"end":{"line":297,"column":62},"skip":true},{"start":{"line":298,"column":12},"end":{"line":301,"column":36},"skip":true}]},"24":{"line":303,"type":"binary-expr","locations":[{"start":{"line":303,"column":43},"end":{"line":303,"column":75},"skip":true},{"start":{"line":303,"column":79},"end":{"line":303,"column":81},"skip":true}]},"25":{"line":306,"type":"if","locations":[{"start":{"line":306,"column":8},"end":{"line":306,"column":8},"skip":true},{"start":{"line":306,"column":8},"end":{"line":306,"column":8},"skip":true}]},"26":{"line":310,"type":"if","locations":[{"start":{"line":310,"column":8},"end":{"line":310,"column":8},"skip":true},{"start":{"line":310,"column":8},"end":{"line":310,"column":8},"skip":true}]},"27":{"line":313,"type":"binary-expr","locations":[{"start":{"line":313,"column":27},"end":{"line":313,"column":43},"skip":true},{"start":{"line":313,"column":47},"end":{"line":313,"column":53},"skip":true}]},"28":{"line":317,"type":"if","locations":[{"start":{"line":317,"column":12},"end":{"line":317,"column":12},"skip":true},{"start":{"line":317,"column":12},"end":{"line":317,"column":12},"skip":true}]}},"code":["/*","example.js","","quickstart example","","instruction","    1. save this script as example.js","    2. run the shell command:","        $ npm install npmtest-sift && PORT=8081 node example.js","    3. play with the browser-demo on http://127.0.0.1:8081","*/","","","","/* istanbul instrument in package npmtest_sift */","/*jslint","    bitwise: true,","    browser: true,","    maxerr: 8,","    maxlen: 96,","    node: true,","    nomen: true,","    regexp: true,","    stupid: true","*/","(function () {","    'use strict';","    var local;","","","","    // run shared js-env code - pre-init","    (function () {","        // init local","        local = {};","        // init modeJs","        local.modeJs = (function () {","            try {","                return typeof navigator.userAgent === 'string' &&","                    typeof document.querySelector('body') === 'object' &&","                    typeof XMLHttpRequest.prototype.open === 'function' &&","                    'browser';","            } catch (errorCaughtBrowser) {","                return module.exports &&","                    typeof process.versions.node === 'string' &&","                    typeof require('http').createServer === 'function' &&","                    'node';","            }","        }());","        // init global","        local.global = local.modeJs === 'browser'","            ? window","            : global;","        // init utility2_rollup","        local = local.global.utility2_rollup || (local.modeJs === 'browser'","            ? local.global.utility2_npmtest_sift","            : global.utility2_moduleExports);","        // export local","        local.global.local = local;","    }());","    switch (local.modeJs) {","","","","    // post-init","    // run browser js-env code - post-init","    /* istanbul ignore next */","    case 'browser':","        local.testRunBrowser = function (event) {","            if (!event || (event &&","                    event.currentTarget &&","                    event.currentTarget.className &&","                    event.currentTarget.className.includes &&","                    event.currentTarget.className.includes('onreset'))) {","                // reset output","                Array.from(","                    document.querySelectorAll('body > .resettable')","                ).forEach(function (element) {","                    switch (element.tagName) {","                    case 'INPUT':","                    case 'TEXTAREA':","                        element.value = '';","                        break;","                    default:","                        element.textContent = '';","                    }","                });","            }","            switch (event && event.currentTarget && event.currentTarget.id) {","            case 'testRunButton1':","                // show tests","                if (document.querySelector('#testReportDiv1').style.display === 'none') {","                    document.querySelector('#testReportDiv1').style.display = 'block';","                    document.querySelector('#testRunButton1').textContent =","                        'hide internal test';","                    local.modeTest = true;","                    local.testRunDefault(local);","                // hide tests","                } else {","                    document.querySelector('#testReportDiv1').style.display = 'none';","                    document.querySelector('#testRunButton1').textContent = 'run internal test';","                }","                break;","            // custom-case","            default:","                break;","            }","            if (document.querySelector('#inputTextareaEval1') && (!event || (event &&","                    event.currentTarget &&","                    event.currentTarget.className &&","                    event.currentTarget.className.includes &&","                    event.currentTarget.className.includes('oneval')))) {","                // try to eval input-code","                try {","                    /*jslint evil: true*/","                    eval(document.querySelector('#inputTextareaEval1').value);","                } catch (errorCaught) {","                    console.error(errorCaught);","                }","            }","        };","        // log stderr and stdout to #outputTextareaStdout1","        ['error', 'log'].forEach(function (key) {","            console[key + '_original'] = console[key];","            console[key] = function () {","                var element;","                console[key + '_original'].apply(console, arguments);","                element = document.querySelector('#outputTextareaStdout1');","                if (!element) {","                    return;","                }","                // append text to #outputTextareaStdout1","                element.value += Array.from(arguments).map(function (arg) {","                    return typeof arg === 'string'","                        ? arg","                        : JSON.stringify(arg, null, 4);","                }).join(' ') + '\\n';","                // scroll textarea to bottom","                element.scrollTop = element.scrollHeight;","            };","        });","        // init event-handling","        ['change', 'click', 'keyup'].forEach(function (event) {","            Array.from(document.querySelectorAll('.on' + event)).forEach(function (element) {","                element.addEventListener(event, local.testRunBrowser);","            });","        });","        // run tests","        local.testRunBrowser();","        break;","","","","    // run node js-env code - post-init","    /* istanbul ignore next */","    case 'node':","        // export local","        module.exports = local;","        // require modules","        local.fs = require('fs');","        local.http = require('http');","        local.url = require('url');","        // init assets","        local.assetsDict = local.assetsDict || {};","        /* jslint-ignore-begin */","        local.assetsDict['/assets.index.template.html'] = '\\","<!doctype html>\\n\\","<html lang=\"en\">\\n\\","<head>\\n\\","<meta charset=\"UTF-8\">\\n\\","<meta name=\"viewport\" content=\"width=device-width, initial-scale=1\">\\n\\","<title>{{env.npm_package_name}} (v{{env.npm_package_version}})</title>\\n\\","<style>\\n\\","/*csslint\\n\\","    box-sizing: false,\\n\\","    universal-selector: false\\n\\","*/\\n\\","* {\\n\\","    box-sizing: border-box;\\n\\","}\\n\\","body {\\n\\","    background: #dde;\\n\\","    font-family: Arial, Helvetica, sans-serif;\\n\\","    margin: 2rem;\\n\\","}\\n\\","body > * {\\n\\","    margin-bottom: 1rem;\\n\\","}\\n\\",".utility2FooterDiv {\\n\\","    margin-top: 20px;\\n\\","    text-align: center;\\n\\","}\\n\\","</style>\\n\\","<style>\\n\\","/*csslint\\n\\","*/\\n\\","textarea {\\n\\","    font-family: monospace;\\n\\","    height: 10rem;\\n\\","    width: 100%;\\n\\","}\\n\\","textarea[readonly] {\\n\\","    background: #ddd;\\n\\","}\\n\\","</style>\\n\\","</head>\\n\\","<body>\\n\\","<!-- utility2-comment\\n\\","<div id=\"ajaxProgressDiv1\" style=\"background: #d00; height: 2px; left: 0; margin: 0; padding: 0; position: fixed; top: 0; transition: background 0.5s, width 1.5s; width: 25%;\"></div>\\n\\","utility2-comment -->\\n\\","<h1>\\n\\","<!-- utility2-comment\\n\\","    <a\\n\\","        {{#if env.npm_package_homepage}}\\n\\","        href=\"{{env.npm_package_homepage}}\"\\n\\","        {{/if env.npm_package_homepage}}\\n\\","        target=\"_blank\"\\n\\","    >\\n\\","utility2-comment -->\\n\\","        {{env.npm_package_name}} (v{{env.npm_package_version}})\\n\\","<!-- utility2-comment\\n\\","    </a>\\n\\","utility2-comment -->\\n\\","</h1>\\n\\","<h3>{{env.npm_package_description}}</h3>\\n\\","<!-- utility2-comment\\n\\","<h4><a download href=\"assets.app.js\">download standalone app</a></h4>\\n\\","<button class=\"onclick onreset\" id=\"testRunButton1\">run internal test</button><br>\\n\\","<div id=\"testReportDiv1\" style=\"display: none;\"></div>\\n\\","utility2-comment -->\\n\\","\\n\\","\\n\\","\\n\\","<label>stderr and stdout</label>\\n\\","<textarea class=\"resettable\" id=\"outputTextareaStdout1\" readonly></textarea>\\n\\","<!-- utility2-comment\\n\\","{{#if isRollup}}\\n\\","<script src=\"assets.app.js\"></script>\\n\\","{{#unless isRollup}}\\n\\","utility2-comment -->\\n\\","<script src=\"assets.utility2.rollup.js\"></script>\\n\\","<script src=\"jsonp.utility2._stateInit?callback=window.utility2._stateInit\"></script>\\n\\","<script src=\"assets.npmtest_sift.rollup.js\"></script>\\n\\","<script src=\"assets.example.js\"></script>\\n\\","<script src=\"assets.test.js\"></script>\\n\\","<!-- utility2-comment\\n\\","{{/if isRollup}}\\n\\","utility2-comment -->\\n\\","<div class=\"utility2FooterDiv\">\\n\\","    [ this app was created with\\n\\","    <a href=\"https://github.com/kaizhu256/node-utility2\" target=\"_blank\">utility2</a>\\n\\","    ]\\n\\","</div>\\n\\","</body>\\n\\","</html>\\n\\","';","        /* jslint-ignore-end */","        if (local.templateRender) {","            local.assetsDict['/'] = local.templateRender(","                local.assetsDict['/assets.index.template.html'],","                {","                    env: local.objectSetDefault(local.env, {","                        npm_package_description: 'the greatest app in the world!',","                        npm_package_name: 'my-app',","                        npm_package_nameAlias: 'my_app',","                        npm_package_version: '0.0.1'","                    })","                }","            );","        } else {","            local.assetsDict['/'] = local.assetsDict['/assets.index.template.html']","                .replace((/\\{\\{env\\.(\\w+?)\\}\\}/g), function (match0, match1) {","                    // jslint-hack","                    String(match0);","                    switch (match1) {","                    case 'npm_package_description':","                        return 'the greatest app in the world!';","                    case 'npm_package_name':","                        return 'my-app';","                    case 'npm_package_nameAlias':","                        return 'my_app';","                    case 'npm_package_version':","                        return '0.0.1';","                    }","                });","        }","        // run the cli","        if (local.global.utility2_rollup || module !== require.main) {","            break;","        }","        local.assetsDict['/assets.example.js'] =","            local.assetsDict['/assets.example.js'] ||","            local.fs.readFileSync(__filename, 'utf8');","        // bug-workaround - long $npm_package_buildCustomOrg","        /* jslint-ignore-begin */","        local.assetsDict['/assets.npmtest_sift.rollup.js'] =","            local.assetsDict['/assets.npmtest_sift.rollup.js'] ||","            local.fs.readFileSync(","                local.npmtest_sift.__dirname + '/lib.npmtest_sift.js',","                'utf8'","            ).replace((/^#!/), '//');","        /* jslint-ignore-end */","        local.assetsDict['/favicon.ico'] = local.assetsDict['/favicon.ico'] || '';","        // if $npm_config_timeout_exit exists,","        // then exit this process after $npm_config_timeout_exit ms","        if (Number(process.env.npm_config_timeout_exit)) {","            setTimeout(process.exit, Number(process.env.npm_config_timeout_exit));","        }","        // start server","        if (local.global.utility2_serverHttp1) {","            break;","        }","        process.env.PORT = process.env.PORT || '8081';","        console.error('server starting on port ' + process.env.PORT);","        local.http.createServer(function (request, response) {","            request.urlParsed = local.url.parse(request.url);","            if (local.assetsDict[request.urlParsed.pathname] !== undefined) {","                response.end(local.assetsDict[request.urlParsed.pathname]);","                return;","            }","            response.statusCode = 404;","            response.end();","        }).listen(process.env.PORT);","        break;","    }","}());",""],"l":{"26":2,"28":2,"33":2,"35":2,"37":2,"38":2,"39":2,"44":1,"51":2,"55":2,"59":2,"61":2,"69":1,"70":2,"76":2,"79":2,"82":2,"83":2,"85":1,"89":2,"92":1,"93":1,"94":1,"96":1,"97":1,"100":1,"101":1,"103":1,"106":1,"108":2,"114":1,"116":1,"118":1,"123":1,"124":2,"125":2,"126":3,"127":3,"128":3,"129":3,"130":1,"133":3,"134":3,"139":3,"143":1,"144":3,"145":1,"149":1,"150":1,"158":1,"160":1,"161":1,"162":1,"164":1,"166":1,"258":1,"259":1,"271":1,"274":6,"275":6,"277":1,"279":2,"281":1,"283":2,"288":1,"289":1,"291":1,"296":1,"303":1,"306":1,"307":1,"310":1,"311":1,"313":1,"314":1,"315":1,"316":1,"317":1,"318":1,"319":1,"321":1,"322":1,"324":1}},"/home/travis/build/npmtest/node-npmtest-sift/node_modules/sift/sift.js":{"path":"/home/travis/build/npmtest/node-npmtest-sift/node_modules/sift/sift.js","s":{"1":1,"2":1,"3":0,"4":1,"5":0,"6":1,"7":0,"8":0,"9":0,"10":0,"11":0,"12":1,"13":0,"14":0,"15":0,"16":1,"17":7,"18":0,"19":0,"20":0,"21":0,"22":0,"23":0,"24":1,"25":1,"26":0,"27":0,"28":0,"29":0,"30":0,"31":0,"32":1,"33":0,"34":1,"35":0,"36":0,"37":0,"38":0,"39":0,"40":0,"41":0,"42":0,"43":0,"44":0,"45":0,"46":0,"47":0,"48":0,"49":0,"50":0,"51":0,"52":0,"53":0,"54":0,"55":0,"56":0,"57":0,"58":0,"59":0,"60":0,"61":0,"62":0,"63":0,"64":0,"65":0,"66":0,"67":0,"68":0,"69":0,"70":0,"71":0,"72":0,"73":0,"74":0,"75":0,"76":0,"77":0,"78":1,"79":0,"80":0,"81":0,"82":0,"83":0,"84":0,"85":0,"86":0,"87":0,"88":0,"89":0,"90":0,"91":0,"92":0,"93":0,"94":0,"95":0,"96":0,"97":0,"98":0,"99":0,"100":0,"101":0,"102":1,"103":0,"104":0,"105":0,"106":0,"107":1,"108":0,"109":1,"110":0,"111":0,"112":0,"113":0,"114":0,"115":1,"116":0,"117":0,"118":0,"119":0,"120":0,"121":0,"122":0,"123":0,"124":1,"125":0,"126":1,"127":0,"128":1,"129":0,"130":0,"131":0,"132":0,"133":0,"134":0,"135":0,"136":0,"137":0,"138":0,"139":0,"140":0,"141":0,"142":0,"143":0,"144":0,"145":1,"146":0,"147":0,"148":0,"149":0,"150":0,"151":1,"152":0,"153":0,"154":0,"155":0,"156":1,"157":0,"158":0,"159":0,"160":0,"161":1,"162":0,"163":0,"164":0,"165":0,"166":0,"167":1,"168":0,"169":1,"170":0,"171":0,"172":0,"173":0,"174":0,"175":0,"176":0,"177":1,"178":1,"179":1,"180":0},"b":{"1":[0,0],"2":[0,0],"3":[0,0],"4":[0,0],"5":[0,0],"6":[0,0],"7":[0,0],"8":[0,0],"9":[0,0],"10":[0,0],"11":[0,0],"12":[0,0],"13":[0,0],"14":[0,0],"15":[0,0],"16":[0,0],"17":[0,0],"18":[0,0],"19":[0,0],"20":[0,0],"21":[0,0],"22":[0,0],"23":[0,0],"24":[0,0],"25":[0,0],"26":[0,0],"27":[0,0],"28":[0,0],"29":[0,0],"30":[0,0],"31":[0,0],"32":[0,0],"33":[0,0],"34":[0,0],"35":[0,0],"36":[0,0],"37":[0,0],"38":[0,0],"39":[0,0],"40":[0,0],"41":[0,0],"42":[0,0],"43":[0,0],"44":[0,0],"45":[0,0],"46":[0,0],"47":[0,0],"48":[0,0],"49":[0,0],"50":[0,0],"51":[0,0],"52":[0,0],"53":[0,0],"54":[0,0],"55":[0,0],"56":[1,0],"57":[1,1],"58":[0,1]},"f":{"1":1,"2":0,"3":0,"4":0,"5":0,"6":7,"7":0,"8":1,"9":0,"10":0,"11":0,"12":0,"13":0,"14":0,"15":0,"16":0,"17":0,"18":0,"19":0,"20":0,"21":0,"22":0,"23":0,"24":0,"25":0,"26":0,"27":0,"28":0,"29":0,"30":0,"31":0,"32":0,"33":0,"34":0,"35":0,"36":0,"37":0,"38":0,"39":0,"40":0,"41":0,"42":0,"43":0,"44":0,"45":0,"46":0,"47":0,"48":0,"49":0,"50":0,"51":0,"52":0,"53":0,"54":0,"55":0,"56":0,"57":0,"58":0,"59":0},"fnMap":{"1":{"name":"(anonymous_1)","line":10,"loc":{"start":{"line":10,"column":1},"end":{"line":10,"column":12}}},"2":{"name":"isFunction","line":17,"loc":{"start":{"line":17,"column":2},"end":{"line":17,"column":29}}},"3":{"name":"isArray","line":24,"loc":{"start":{"line":24,"column":2},"end":{"line":24,"column":26}}},"4":{"name":"comparable","line":31,"loc":{"start":{"line":31,"column":2},"end":{"line":31,"column":29}}},"5":{"name":"get","line":41,"loc":{"start":{"line":41,"column":2},"end":{"line":41,"column":25}}},"6":{"name":"or","line":51,"loc":{"start":{"line":51,"column":2},"end":{"line":51,"column":25}}},"7":{"name":"(anonymous_7)","line":52,"loc":{"start":{"line":52,"column":11},"end":{"line":52,"column":26}}},"8":{"name":"and","line":66,"loc":{"start":{"line":66,"column":2},"end":{"line":66,"column":26}}},"9":{"name":"(anonymous_9)","line":67,"loc":{"start":{"line":67,"column":11},"end":{"line":67,"column":26}}},"10":{"name":"validate","line":78,"loc":{"start":{"line":78,"column":2},"end":{"line":78,"column":34}}},"11":{"name":"(anonymous_11)","line":87,"loc":{"start":{"line":87,"column":12},"end":{"line":87,"column":27}}},"12":{"name":"(anonymous_12)","line":94,"loc":{"start":{"line":94,"column":13},"end":{"line":94,"column":28}}},"13":{"name":"(anonymous_13)","line":101,"loc":{"start":{"line":101,"column":9},"end":{"line":101,"column":24}}},"14":{"name":"(anonymous_14)","line":109,"loc":{"start":{"line":109,"column":12},"end":{"line":109,"column":27}}},"15":{"name":"(anonymous_15)","line":116,"loc":{"start":{"line":116,"column":13},"end":{"line":116,"column":28}}},"16":{"name":"(anonymous_16)","line":123,"loc":{"start":{"line":123,"column":12},"end":{"line":123,"column":27}}},"17":{"name":"(anonymous_17)","line":130,"loc":{"start":{"line":130,"column":13},"end":{"line":130,"column":28}}},"18":{"name":"(anonymous_18)","line":137,"loc":{"start":{"line":137,"column":13},"end":{"line":137,"column":28}}},"19":{"name":"(anonymous_19)","line":144,"loc":{"start":{"line":144,"column":9},"end":{"line":144,"column":24}}},"20":{"name":"(anonymous_20)","line":170,"loc":{"start":{"line":170,"column":10},"end":{"line":170,"column":25}}},"21":{"name":"(anonymous_21)","line":177,"loc":{"start":{"line":177,"column":10},"end":{"line":177,"column":25}}},"22":{"name":"(anonymous_22)","line":184,"loc":{"start":{"line":184,"column":11},"end":{"line":184,"column":26}}},"23":{"name":"(anonymous_23)","line":191,"loc":{"start":{"line":191,"column":10},"end":{"line":191,"column":25}}},"24":{"name":"(anonymous_24)","line":198,"loc":{"start":{"line":198,"column":11},"end":{"line":198,"column":26}}},"25":{"name":"(anonymous_25)","line":205,"loc":{"start":{"line":205,"column":10},"end":{"line":205,"column":25}}},"26":{"name":"(anonymous_26)","line":218,"loc":{"start":{"line":218,"column":10},"end":{"line":218,"column":25}}},"27":{"name":"(anonymous_27)","line":233,"loc":{"start":{"line":233,"column":15},"end":{"line":233,"column":30}}},"28":{"name":"(anonymous_28)","line":240,"loc":{"start":{"line":240,"column":12},"end":{"line":240,"column":27}}},"29":{"name":"(anonymous_29)","line":247,"loc":{"start":{"line":247,"column":16},"end":{"line":247,"column":31}}},"30":{"name":"(anonymous_30)","line":257,"loc":{"start":{"line":257,"column":13},"end":{"line":257,"column":28}}},"31":{"name":"(anonymous_31)","line":270,"loc":{"start":{"line":270,"column":9},"end":{"line":270,"column":21}}},"32":{"name":"(anonymous_32)","line":273,"loc":{"start":{"line":273,"column":15},"end":{"line":273,"column":27}}},"33":{"name":"(anonymous_33)","line":280,"loc":{"start":{"line":280,"column":15},"end":{"line":280,"column":27}}},"34":{"name":"(anonymous_34)","line":284,"loc":{"start":{"line":284,"column":15},"end":{"line":284,"column":26}}},"35":{"name":"(anonymous_35)","line":290,"loc":{"start":{"line":290,"column":13},"end":{"line":290,"column":25}}},"36":{"name":"(anonymous_36)","line":298,"loc":{"start":{"line":298,"column":9},"end":{"line":298,"column":21}}},"37":{"name":"(anonymous_37)","line":305,"loc":{"start":{"line":305,"column":10},"end":{"line":305,"column":22}}},"38":{"name":"(anonymous_38)","line":312,"loc":{"start":{"line":312,"column":10},"end":{"line":312,"column":22}}},"39":{"name":"(anonymous_39)","line":319,"loc":{"start":{"line":319,"column":9},"end":{"line":319,"column":21}}},"40":{"name":"(anonymous_40)","line":326,"loc":{"start":{"line":326,"column":10},"end":{"line":326,"column":22}}},"41":{"name":"(anonymous_41)","line":333,"loc":{"start":{"line":333,"column":10},"end":{"line":333,"column":22}}},"42":{"name":"(anonymous_42)","line":340,"loc":{"start":{"line":340,"column":12},"end":{"line":340,"column":31}}},"43":{"name":"(anonymous_43)","line":347,"loc":{"start":{"line":347,"column":12},"end":{"line":347,"column":24}}},"44":{"name":"(anonymous_44)","line":354,"loc":{"start":{"line":354,"column":16},"end":{"line":354,"column":28}}},"45":{"name":"(anonymous_45)","line":361,"loc":{"start":{"line":361,"column":13},"end":{"line":361,"column":25}}},"46":{"name":"search","line":369,"loc":{"start":{"line":369,"column":2},"end":{"line":369,"column":36}}},"47":{"name":"createValidator","line":383,"loc":{"start":{"line":383,"column":2},"end":{"line":383,"column":40}}},"48":{"name":"nestedValidator","line":390,"loc":{"start":{"line":390,"column":2},"end":{"line":390,"column":33}}},"49":{"name":"findValues","line":404,"loc":{"start":{"line":404,"column":2},"end":{"line":404,"column":55}}},"50":{"name":"createNestedValidator","line":428,"loc":{"start":{"line":428,"column":2},"end":{"line":428,"column":45}}},"51":{"name":"isVanillaObject","line":436,"loc":{"start":{"line":436,"column":2},"end":{"line":436,"column":34}}},"52":{"name":"parse","line":440,"loc":{"start":{"line":440,"column":2},"end":{"line":440,"column":24}}},"53":{"name":"createRootValidator","line":475,"loc":{"start":{"line":475,"column":2},"end":{"line":475,"column":46}}},"54":{"name":"(anonymous_54)","line":480,"loc":{"start":{"line":480,"column":11},"end":{"line":480,"column":26}}},"55":{"name":"sift","line":491,"loc":{"start":{"line":491,"column":2},"end":{"line":491,"column":38}}},"56":{"name":"filter","line":500,"loc":{"start":{"line":500,"column":4},"end":{"line":500,"column":23}}},"57":{"name":"(anonymous_57)","line":514,"loc":{"start":{"line":514,"column":13},"end":{"line":514,"column":30}}},"58":{"name":"(anonymous_58)","line":526,"loc":{"start":{"line":526,"column":17},"end":{"line":526,"column":48}}},"59":{"name":"(anonymous_59)","line":533,"loc":{"start":{"line":533,"column":17},"end":{"line":533,"column":32}}}},"statementMap":{"1":{"start":{"line":10,"column":0},"end":{"line":553,"column":5}},"2":{"start":{"line":17,"column":2},"end":{"line":19,"column":3}},"3":{"start":{"line":18,"column":4},"end":{"line":18,"column":39}},"4":{"start":{"line":24,"column":2},"end":{"line":26,"column":3}},"5":{"start":{"line":25,"column":4},"end":{"line":25,"column":70}},"6":{"start":{"line":31,"column":2},"end":{"line":39,"column":3}},"7":{"start":{"line":32,"column":4},"end":{"line":38,"column":5}},"8":{"start":{"line":33,"column":6},"end":{"line":33,"column":29}},"9":{"start":{"line":34,"column":11},"end":{"line":38,"column":5}},"10":{"start":{"line":35,"column":6},"end":{"line":35,"column":35}},"11":{"start":{"line":37,"column":6},"end":{"line":37,"column":19}},"12":{"start":{"line":41,"column":2},"end":{"line":46,"column":3}},"13":{"start":{"line":42,"column":4},"end":{"line":44,"column":5}},"14":{"start":{"line":43,"column":6},"end":{"line":43,"column":26}},"15":{"start":{"line":45,"column":4},"end":{"line":45,"column":20}},"16":{"start":{"line":51,"column":2},"end":{"line":61,"column":3}},"17":{"start":{"line":52,"column":4},"end":{"line":60,"column":5}},"18":{"start":{"line":53,"column":6},"end":{"line":55,"column":7}},"19":{"start":{"line":54,"column":8},"end":{"line":54,"column":31}},"20":{"start":{"line":56,"column":6},"end":{"line":58,"column":7}},"21":{"start":{"line":57,"column":8},"end":{"line":57,"column":48}},"22":{"start":{"line":57,"column":36},"end":{"line":57,"column":48}},"23":{"start":{"line":59,"column":6},"end":{"line":59,"column":19}},"24":{"start":{"line":66,"column":2},"end":{"line":76,"column":3}},"25":{"start":{"line":67,"column":4},"end":{"line":75,"column":6}},"26":{"start":{"line":68,"column":6},"end":{"line":70,"column":7}},"27":{"start":{"line":69,"column":8},"end":{"line":69,"column":31}},"28":{"start":{"line":71,"column":6},"end":{"line":73,"column":7}},"29":{"start":{"line":72,"column":8},"end":{"line":72,"column":51}},"30":{"start":{"line":72,"column":38},"end":{"line":72,"column":51}},"31":{"start":{"line":74,"column":6},"end":{"line":74,"column":18}},"32":{"start":{"line":78,"column":2},"end":{"line":80,"column":3}},"33":{"start":{"line":79,"column":4},"end":{"line":79,"column":39}},"34":{"start":{"line":82,"column":2},"end":{"line":260,"column":4}},"35":{"start":{"line":88,"column":6},"end":{"line":88,"column":18}},"36":{"start":{"line":95,"column":6},"end":{"line":95,"column":19}},"37":{"start":{"line":102,"column":6},"end":{"line":102,"column":88}},"38":{"start":{"line":102,"column":48},"end":{"line":102,"column":88}},"39":{"start":{"line":102,"column":76},"end":{"line":102,"column":88}},"40":{"start":{"line":103,"column":6},"end":{"line":103,"column":19}},"41":{"start":{"line":110,"column":6},"end":{"line":110,"column":48}},"42":{"start":{"line":117,"column":6},"end":{"line":117,"column":49}},"43":{"start":{"line":124,"column":6},"end":{"line":124,"column":48}},"44":{"start":{"line":131,"column":6},"end":{"line":131,"column":49}},"45":{"start":{"line":138,"column":6},"end":{"line":138,"column":30}},"46":{"start":{"line":146,"column":6},"end":{"line":162,"column":7}},"47":{"start":{"line":147,"column":8},"end":{"line":151,"column":9}},"48":{"start":{"line":148,"column":10},"end":{"line":150,"column":11}},"49":{"start":{"line":149,"column":12},"end":{"line":149,"column":24}},"50":{"start":{"line":153,"column":8},"end":{"line":153,"column":40}},"51":{"start":{"line":154,"column":8},"end":{"line":160,"column":9}},"52":{"start":{"line":155,"column":10},"end":{"line":159,"column":11}},"53":{"start":{"line":156,"column":12},"end":{"line":158,"column":13}},"54":{"start":{"line":157,"column":14},"end":{"line":157,"column":26}},"55":{"start":{"line":161,"column":8},"end":{"line":161,"column":43}},"56":{"start":{"line":164,"column":6},"end":{"line":164,"column":19}},"57":{"start":{"line":171,"column":6},"end":{"line":171,"column":33}},"58":{"start":{"line":178,"column":6},"end":{"line":178,"column":29}},"59":{"start":{"line":185,"column":6},"end":{"line":185,"column":72}},"60":{"start":{"line":192,"column":6},"end":{"line":192,"column":33}},"61":{"start":{"line":199,"column":6},"end":{"line":199,"column":40}},"62":{"start":{"line":207,"column":6},"end":{"line":211,"column":7}},"63":{"start":{"line":208,"column":8},"end":{"line":210,"column":9}},"64":{"start":{"line":209,"column":10},"end":{"line":209,"column":23}},"65":{"start":{"line":212,"column":6},"end":{"line":212,"column":18}},"66":{"start":{"line":219,"column":6},"end":{"line":221,"column":7}},"67":{"start":{"line":220,"column":8},"end":{"line":220,"column":15}},"68":{"start":{"line":222,"column":6},"end":{"line":226,"column":7}},"69":{"start":{"line":223,"column":8},"end":{"line":225,"column":9}},"70":{"start":{"line":224,"column":10},"end":{"line":224,"column":23}},"71":{"start":{"line":227,"column":6},"end":{"line":227,"column":18}},"72":{"start":{"line":234,"column":6},"end":{"line":234,"column":48}},"73":{"start":{"line":241,"column":6},"end":{"line":241,"column":26}},"74":{"start":{"line":248,"column":6},"end":{"line":250,"column":7}},"75":{"start":{"line":249,"column":8},"end":{"line":249,"column":31}},"76":{"start":{"line":251,"column":6},"end":{"line":251,"column":28}},"77":{"start":{"line":258,"column":6},"end":{"line":258,"column":33}},"78":{"start":{"line":265,"column":2},"end":{"line":364,"column":4}},"79":{"start":{"line":272,"column":6},"end":{"line":288,"column":7}},"80":{"start":{"line":273,"column":8},"end":{"line":275,"column":10}},"81":{"start":{"line":274,"column":10},"end":{"line":274,"column":52}},"82":{"start":{"line":276,"column":13},"end":{"line":288,"column":7}},"83":{"start":{"line":277,"column":8},"end":{"line":277,"column":17}},"84":{"start":{"line":278,"column":13},"end":{"line":288,"column":7}},"85":{"start":{"line":280,"column":8},"end":{"line":282,"column":10}},"86":{"start":{"line":281,"column":10},"end":{"line":281,"column":43}},"87":{"start":{"line":283,"column":13},"end":{"line":288,"column":7}},"88":{"start":{"line":284,"column":8},"end":{"line":287,"column":9}},"89":{"start":{"line":286,"column":10},"end":{"line":286,"column":27}},"90":{"start":{"line":290,"column":6},"end":{"line":292,"column":8}},"91":{"start":{"line":291,"column":8},"end":{"line":291,"column":52}},"92":{"start":{"line":299,"column":6},"end":{"line":299,"column":28}},"93":{"start":{"line":306,"column":6},"end":{"line":306,"column":26}},"94":{"start":{"line":313,"column":6},"end":{"line":313,"column":29}},"95":{"start":{"line":320,"column":6},"end":{"line":320,"column":26}},"96":{"start":{"line":327,"column":6},"end":{"line":327,"column":26}},"97":{"start":{"line":334,"column":6},"end":{"line":334,"column":22}},"98":{"start":{"line":341,"column":6},"end":{"line":341,"column":43}},"99":{"start":{"line":348,"column":6},"end":{"line":348,"column":76}},"100":{"start":{"line":355,"column":6},"end":{"line":355,"column":22}},"101":{"start":{"line":362,"column":6},"end":{"line":362,"column":17}},"102":{"start":{"line":369,"column":2},"end":{"line":378,"column":3}},"103":{"start":{"line":371,"column":4},"end":{"line":375,"column":5}},"104":{"start":{"line":372,"column":6},"end":{"line":374,"column":7}},"105":{"start":{"line":373,"column":8},"end":{"line":373,"column":17}},"106":{"start":{"line":377,"column":4},"end":{"line":377,"column":14}},"107":{"start":{"line":383,"column":2},"end":{"line":385,"column":3}},"108":{"start":{"line":384,"column":4},"end":{"line":384,"column":33}},"109":{"start":{"line":390,"column":2},"end":{"line":399,"column":3}},"110":{"start":{"line":391,"column":4},"end":{"line":391,"column":21}},"111":{"start":{"line":392,"column":4},"end":{"line":392,"column":34}},"112":{"start":{"line":394,"column":4},"end":{"line":396,"column":5}},"113":{"start":{"line":395,"column":6},"end":{"line":395,"column":39}},"114":{"start":{"line":398,"column":4},"end":{"line":398,"column":35}},"115":{"start":{"line":404,"column":2},"end":{"line":423,"column":3}},"116":{"start":{"line":406,"column":4},"end":{"line":409,"column":5}},"117":{"start":{"line":407,"column":6},"end":{"line":407,"column":27}},"118":{"start":{"line":408,"column":6},"end":{"line":408,"column":13}},"119":{"start":{"line":411,"column":4},"end":{"line":411,"column":32}},"120":{"start":{"line":416,"column":4},"end":{"line":422,"column":5}},"121":{"start":{"line":417,"column":6},"end":{"line":419,"column":7}},"122":{"start":{"line":418,"column":8},"end":{"line":418,"column":60}},"123":{"start":{"line":421,"column":6},"end":{"line":421,"column":62}},"124":{"start":{"line":428,"column":2},"end":{"line":430,"column":3}},"125":{"start":{"line":429,"column":4},"end":{"line":429,"column":60}},"126":{"start":{"line":436,"column":2},"end":{"line":438,"column":3}},"127":{"start":{"line":437,"column":4},"end":{"line":437,"column":143}},"128":{"start":{"line":440,"column":2},"end":{"line":470,"column":3}},"129":{"start":{"line":441,"column":4},"end":{"line":441,"column":30}},"130":{"start":{"line":443,"column":4},"end":{"line":445,"column":5}},"131":{"start":{"line":444,"column":6},"end":{"line":444,"column":29}},"132":{"start":{"line":447,"column":4},"end":{"line":447,"column":24}},"133":{"start":{"line":449,"column":4},"end":{"line":467,"column":5}},"134":{"start":{"line":450,"column":6},"end":{"line":450,"column":25}},"135":{"start":{"line":452,"column":6},"end":{"line":454,"column":7}},"136":{"start":{"line":453,"column":8},"end":{"line":453,"column":17}},"137":{"start":{"line":456,"column":6},"end":{"line":466,"column":7}},"138":{"start":{"line":457,"column":8},"end":{"line":457,"column":53}},"139":{"start":{"line":457,"column":26},"end":{"line":457,"column":53}},"140":{"start":{"line":458,"column":8},"end":{"line":458,"column":71}},"141":{"start":{"line":461,"column":8},"end":{"line":463,"column":9}},"142":{"start":{"line":462,"column":10},"end":{"line":462,"column":54}},"143":{"start":{"line":465,"column":8},"end":{"line":465,"column":73}},"144":{"start":{"line":469,"column":4},"end":{"line":469,"column":96}},"145":{"start":{"line":475,"column":2},"end":{"line":486,"column":3}},"146":{"start":{"line":476,"column":4},"end":{"line":476,"column":33}},"147":{"start":{"line":477,"column":4},"end":{"line":484,"column":5}},"148":{"start":{"line":478,"column":6},"end":{"line":483,"column":8}},"149":{"start":{"line":481,"column":10},"end":{"line":481,"column":40}},"150":{"start":{"line":485,"column":4},"end":{"line":485,"column":21}},"151":{"start":{"line":491,"column":2},"end":{"line":509,"column":3}},"152":{"start":{"line":493,"column":4},"end":{"line":496,"column":5}},"153":{"start":{"line":494,"column":6},"end":{"line":494,"column":21}},"154":{"start":{"line":495,"column":6},"end":{"line":495,"column":22}},"155":{"start":{"line":498,"column":4},"end":{"line":498,"column":55}},"156":{"start":{"line":500,"column":4},"end":{"line":502,"column":5}},"157":{"start":{"line":501,"column":6},"end":{"line":501,"column":36}},"158":{"start":{"line":504,"column":4},"end":{"line":506,"column":5}},"159":{"start":{"line":505,"column":6},"end":{"line":505,"column":34}},"160":{"start":{"line":508,"column":4},"end":{"line":508,"column":18}},"161":{"start":{"line":514,"column":2},"end":{"line":521,"column":4}},"162":{"start":{"line":515,"column":4},"end":{"line":515,"column":48}},"163":{"start":{"line":515,"column":28},"end":{"line":515,"column":48}},"164":{"start":{"line":516,"column":4},"end":{"line":520,"column":5}},"165":{"start":{"line":517,"column":6},"end":{"line":519,"column":7}},"166":{"start":{"line":518,"column":8},"end":{"line":518,"column":36}},"167":{"start":{"line":526,"column":2},"end":{"line":528,"column":4}},"168":{"start":{"line":527,"column":4},"end":{"line":527,"column":61}},"169":{"start":{"line":533,"column":2},"end":{"line":543,"column":4}},"170":{"start":{"line":534,"column":4},"end":{"line":534,"column":23}},"171":{"start":{"line":534,"column":14},"end":{"line":534,"column":23}},"172":{"start":{"line":535,"column":4},"end":{"line":542,"column":5}},"173":{"start":{"line":536,"column":6},"end":{"line":538,"column":7}},"174":{"start":{"line":537,"column":8},"end":{"line":537,"column":17}},"175":{"start":{"line":539,"column":6},"end":{"line":541,"column":7}},"176":{"start":{"line":540,"column":8},"end":{"line":540,"column":18}},"177":{"start":{"line":546,"column":2},"end":{"line":548,"column":3},"skip":true},"178":{"start":{"line":547,"column":4},"end":{"line":547,"column":26},"skip":true},"179":{"start":{"line":550,"column":2},"end":{"line":552,"column":3}},"180":{"start":{"line":551,"column":4},"end":{"line":551,"column":23}}},"branchMap":{"1":{"line":32,"type":"if","locations":[{"start":{"line":32,"column":4},"end":{"line":32,"column":4}},{"start":{"line":32,"column":4},"end":{"line":32,"column":4}}]},"2":{"line":34,"type":"if","locations":[{"start":{"line":34,"column":11},"end":{"line":34,"column":11}},{"start":{"line":34,"column":11},"end":{"line":34,"column":11}}]},"3":{"line":42,"type":"if","locations":[{"start":{"line":42,"column":4},"end":{"line":42,"column":4}},{"start":{"line":42,"column":4},"end":{"line":42,"column":4}}]},"4":{"line":53,"type":"if","locations":[{"start":{"line":53,"column":6},"end":{"line":53,"column":6}},{"start":{"line":53,"column":6},"end":{"line":53,"column":6}}]},"5":{"line":53,"type":"binary-expr","locations":[{"start":{"line":53,"column":10},"end":{"line":53,"column":21}},{"start":{"line":53,"column":25},"end":{"line":53,"column":34}}]},"6":{"line":57,"type":"if","locations":[{"start":{"line":57,"column":8},"end":{"line":57,"column":8}},{"start":{"line":57,"column":8},"end":{"line":57,"column":8}}]},"7":{"line":68,"type":"if","locations":[{"start":{"line":68,"column":6},"end":{"line":68,"column":6}},{"start":{"line":68,"column":6},"end":{"line":68,"column":6}}]},"8":{"line":68,"type":"binary-expr","locations":[{"start":{"line":68,"column":10},"end":{"line":68,"column":21}},{"start":{"line":68,"column":25},"end":{"line":68,"column":34}}]},"9":{"line":72,"type":"if","locations":[{"start":{"line":72,"column":8},"end":{"line":72,"column":8}},{"start":{"line":72,"column":8},"end":{"line":72,"column":8}}]},"10":{"line":102,"type":"if","locations":[{"start":{"line":102,"column":48},"end":{"line":102,"column":48}},{"start":{"line":102,"column":48},"end":{"line":102,"column":48}}]},"11":{"line":146,"type":"if","locations":[{"start":{"line":146,"column":6},"end":{"line":146,"column":6}},{"start":{"line":146,"column":6},"end":{"line":146,"column":6}}]},"12":{"line":148,"type":"if","locations":[{"start":{"line":148,"column":10},"end":{"line":148,"column":10}},{"start":{"line":148,"column":10},"end":{"line":148,"column":10}}]},"13":{"line":154,"type":"if","locations":[{"start":{"line":154,"column":8},"end":{"line":154,"column":8}},{"start":{"line":154,"column":8},"end":{"line":154,"column":8}}]},"14":{"line":154,"type":"binary-expr","locations":[{"start":{"line":154,"column":12},"end":{"line":154,"column":29}},{"start":{"line":154,"column":33},"end":{"line":154,"column":54}}]},"15":{"line":156,"type":"if","locations":[{"start":{"line":156,"column":12},"end":{"line":156,"column":12}},{"start":{"line":156,"column":12},"end":{"line":156,"column":12}}]},"16":{"line":156,"type":"binary-expr","locations":[{"start":{"line":156,"column":16},"end":{"line":156,"column":42}},{"start":{"line":156,"column":46},"end":{"line":156,"column":77}}]},"17":{"line":185,"type":"cond-expr","locations":[{"start":{"line":185,"column":27},"end":{"line":185,"column":63}},{"start":{"line":185,"column":66},"end":{"line":185,"column":71}}]},"18":{"line":185,"type":"binary-expr","locations":[{"start":{"line":185,"column":27},"end":{"line":185,"column":41}},{"start":{"line":185,"column":45},"end":{"line":185,"column":63}}]},"19":{"line":199,"type":"cond-expr","locations":[{"start":{"line":199,"column":17},"end":{"line":199,"column":31}},{"start":{"line":199,"column":34},"end":{"line":199,"column":39}}]},"20":{"line":208,"type":"if","locations":[{"start":{"line":208,"column":8},"end":{"line":208,"column":8}},{"start":{"line":208,"column":8},"end":{"line":208,"column":8}}]},"21":{"line":219,"type":"if","locations":[{"start":{"line":219,"column":6},"end":{"line":219,"column":6}},{"start":{"line":219,"column":6},"end":{"line":219,"column":6}}]},"22":{"line":223,"type":"if","locations":[{"start":{"line":223,"column":8},"end":{"line":223,"column":8}},{"start":{"line":223,"column":8},"end":{"line":223,"column":8}}]},"23":{"line":234,"type":"binary-expr","locations":[{"start":{"line":234,"column":13},"end":{"line":234,"column":34}},{"start":{"line":234,"column":38},"end":{"line":234,"column":47}}]},"24":{"line":248,"type":"if","locations":[{"start":{"line":248,"column":6},"end":{"line":248,"column":6}},{"start":{"line":248,"column":6},"end":{"line":248,"column":6}}]},"25":{"line":272,"type":"if","locations":[{"start":{"line":272,"column":6},"end":{"line":272,"column":6}},{"start":{"line":272,"column":6},"end":{"line":272,"column":6}}]},"26":{"line":274,"type":"binary-expr","locations":[{"start":{"line":274,"column":17},"end":{"line":274,"column":38}},{"start":{"line":274,"column":42},"end":{"line":274,"column":51}}]},"27":{"line":276,"type":"if","locations":[{"start":{"line":276,"column":13},"end":{"line":276,"column":13}},{"start":{"line":276,"column":13},"end":{"line":276,"column":13}}]},"28":{"line":278,"type":"if","locations":[{"start":{"line":278,"column":13},"end":{"line":278,"column":13}},{"start":{"line":278,"column":13},"end":{"line":278,"column":13}}]},"29":{"line":278,"type":"binary-expr","locations":[{"start":{"line":278,"column":17},"end":{"line":278,"column":27}},{"start":{"line":278,"column":31},"end":{"line":278,"column":40}}]},"30":{"line":281,"type":"binary-expr","locations":[{"start":{"line":281,"column":18},"end":{"line":281,"column":28}},{"start":{"line":281,"column":32},"end":{"line":281,"column":41}}]},"31":{"line":283,"type":"if","locations":[{"start":{"line":283,"column":13},"end":{"line":283,"column":13}},{"start":{"line":283,"column":13},"end":{"line":283,"column":13}}]},"32":{"line":348,"type":"cond-expr","locations":[{"start":{"line":348,"column":37},"end":{"line":348,"column":71}},{"start":{"line":348,"column":74},"end":{"line":348,"column":75}}]},"33":{"line":372,"type":"if","locations":[{"start":{"line":372,"column":6},"end":{"line":372,"column":6}},{"start":{"line":372,"column":6},"end":{"line":372,"column":6}}]},"34":{"line":394,"type":"if","locations":[{"start":{"line":394,"column":4},"end":{"line":394,"column":4}},{"start":{"line":394,"column":4},"end":{"line":394,"column":4}}]},"35":{"line":406,"type":"if","locations":[{"start":{"line":406,"column":4},"end":{"line":406,"column":4}},{"start":{"line":406,"column":4},"end":{"line":406,"column":4}}]},"36":{"line":406,"type":"binary-expr","locations":[{"start":{"line":406,"column":8},"end":{"line":406,"column":32}},{"start":{"line":406,"column":36},"end":{"line":406,"column":53}}]},"37":{"line":416,"type":"if","locations":[{"start":{"line":416,"column":4},"end":{"line":416,"column":4}},{"start":{"line":416,"column":4},"end":{"line":416,"column":4}}]},"38":{"line":416,"type":"binary-expr","locations":[{"start":{"line":416,"column":8},"end":{"line":416,"column":24}},{"start":{"line":416,"column":28},"end":{"line":416,"column":44}}]},"39":{"line":437,"type":"binary-expr","locations":[{"start":{"line":437,"column":11},"end":{"line":437,"column":49}},{"start":{"line":437,"column":53},"end":{"line":437,"column":142}}]},"40":{"line":443,"type":"if","locations":[{"start":{"line":443,"column":4},"end":{"line":443,"column":4}},{"start":{"line":443,"column":4},"end":{"line":443,"column":4}}]},"41":{"line":443,"type":"binary-expr","locations":[{"start":{"line":443,"column":8},"end":{"line":443,"column":14}},{"start":{"line":443,"column":18},"end":{"line":443,"column":41}}]},"42":{"line":452,"type":"if","locations":[{"start":{"line":452,"column":6},"end":{"line":452,"column":6}},{"start":{"line":452,"column":6},"end":{"line":452,"column":6}}]},"43":{"line":456,"type":"if","locations":[{"start":{"line":456,"column":6},"end":{"line":456,"column":6}},{"start":{"line":456,"column":6},"end":{"line":456,"column":6}}]},"44":{"line":457,"type":"if","locations":[{"start":{"line":457,"column":8},"end":{"line":457,"column":8}},{"start":{"line":457,"column":8},"end":{"line":457,"column":8}}]},"45":{"line":461,"type":"if","locations":[{"start":{"line":461,"column":8},"end":{"line":461,"column":8}},{"start":{"line":461,"column":8},"end":{"line":461,"column":8}}]},"46":{"line":469,"type":"cond-expr","locations":[{"start":{"line":469,"column":37},"end":{"line":469,"column":50}},{"start":{"line":469,"column":53},"end":{"line":469,"column":95}}]},"47":{"line":477,"type":"if","locations":[{"start":{"line":477,"column":4},"end":{"line":477,"column":4}},{"start":{"line":477,"column":4},"end":{"line":477,"column":4}}]},"48":{"line":493,"type":"if","locations":[{"start"
[...]
se {","      return value;","    }","  }","","  function get(obj, key) {","    if (obj.get) {","      return obj.get(key);","    }","    return obj[key];","  }","","  /**","   */","","  function or(validator) {","    return function(a, b) {","      if (!isArray(b) || !b.length) {","        return validator(a, b);","      }","      for (var i = 0, n = b.length; i < n; i++) {","        if (validator(a, get(b,i))) return true;","      }","      return false;","    }","  }","","  /**","   */","","  function and(validator) {","    return function(a, b) {","      if (!isArray(b) || !b.length) {","        return validator(a, b);","      }","      for (var i = 0, n = b.length; i < n; i++) {","        if (!validator(a, get(b, i))) return false;","      }","      return true;","    };","  }","","  function validate(validator, b) {","    return validator.v(validator.a, b);","  }","","  var operator = {","","    /**","     */","","    $eq: or(function(a, b) {","      return a(b);","    }),","","    /**","     */","","    $ne: and(function(a, b) {","      return !a(b);","    }),","","    /**","     */","","    $or: function(a, b) {","      for (var i = 0, n = a.length; i < n; i++) if (validate(get(a, i), b)) return true;","      return false;","    },","","    /**","     */","","    $gt: or(function(a, b) {","      return sift.compare(comparable(b), a) > 0;","    }),","","    /**","     */","","    $gte: or(function(a, b) {","      return sift.compare(comparable(b), a) >= 0;","    }),","","    /**","     */","","    $lt: or(function(a, b) {","      return sift.compare(comparable(b), a) < 0;","    }),","","    /**","     */","","    $lte: or(function(a, b) {","      return sift.compare(comparable(b), a) <= 0;","    }),","","    /**","     */","","    $mod: or(function(a, b) {","      return b % a[0] == a[1];","    }),","","    /**","     */","","    $in: function(a, b) {","","      if (b instanceof Array) {","        for (var i = b.length; i--;) {","          if (~a.indexOf(comparable(get(b, i)))) {","            return true;","          }","        }","      } else {","        var comparableB = comparable(b);","        if (comparableB === b && typeof b === 'object') {","          for (var i = a.length; i--;) {","            if (String(a[i]) === String(b) && String(b) !== '[object Object]') {","              return true;","            }","          }","        }","        return !!~a.indexOf(comparable(b));","      }","","      return false;","    },","","    /**","     */","","    $nin: function(a, b) {","      return !operator.$in(a, b);","    },","","    /**","     */","","    $not: function(a, b) {","      return !validate(a, b);","    },","","    /**","     */","","    $type: function(a, b) {","      return b != void 0 ? b instanceof a || b.constructor == a : false;","     },","","    /**","     */","","    $all: function(a, b) {","      return operator.$and(a, b);","    },","","    /**","     */","","    $size: function(a, b) {","      return b ? a === b.length : false;","    },","","    /**","     */","","    $nor: function(a, b) {","      // todo - this suffice? return !operator.$in(a)","      for (var i = 0, n = a.length; i < n; i++) {","        if (validate(get(a, i), b)) {","          return false;","        }","      }","      return true;","    },","","    /**","     */","","    $and: function(a, b) {","      if (!b) {","        b = [];","      }","      for (var i = 0, n = a.length; i < n; i++) {","        if (!validate(get(a, i), b)) {","          return false;","        }","      }","      return true;","    },","","    /**","     */","","    $regex: or(function(a, b) {","      return typeof b === 'string' && a.test(b);","    }),","","    /**","     */","","    $where: function(a, b) {","      return a.call(b, b);","    },","","    /**","     */","","    $elemMatch: function(a, b) {","      if (isArray(b)) {","        return !!~search(b, a);","      }","      return validate(a, b);","    },","","    /**","     */","","    $exists: function(a, b) {","      return (b != void 0) === a;","    }","  };","","  /**","   */","","  var prepare = {","","    /**","     */","","    $eq: function(a) {","","      if (a instanceof RegExp) {","        return function(b) {","          return typeof b === 'string' && a.test(b);","        };","      } else if (a instanceof Function) {","        return a;","      } else if (isArray(a) && !a.length) {","        // Special case of a == []","        return function(b) {","          return (isArray(b) && !b.length);","        };","      } else if (a === null){","        return function(b){","          //will match both null and undefined","          return b == null;","        }","      }","","      return function(b) {","        return sift.compare(comparable(b), a) === 0;","      };","    },","","    /**","     */","","    $ne: function(a) {","      return prepare.$eq(a);","    },","","    /**","     */","","    $and: function(a) {","      return a.map(parse);","    },","","    /**","     */","","    $all: function(a) {","      return prepare.$and(a);","    },","","    /**","     */","","    $or: function(a) {","      return a.map(parse);","    },","","    /**","     */","","    $nor: function(a) {","      return a.map(parse);","    },","","    /**","     */","","    $not: function(a) {","      return parse(a);","    },","","    /**","     */","","    $regex: function(a, query) {","      return new RegExp(a, query.$options);","    },","","    /**","     */","","    $where: function(a) {","      return typeof a === 'string' ? new Function('obj', 'return ' + a) : a;","    },","","    /**","     */","","    $elemMatch: function(a) {","      return parse(a);","    },","","    /**","     */","","    $exists: function(a) {","      return !!a;","    }","  };","","  /**","   */","","  function search(array, validator) {","","    for (var i = 0; i < array.length; i++) {","      if (validate(validator, get(array, i))) {","        return i;","      }","    }","","    return -1;","  }","","  /**","   */","","  function createValidator(a, validate) {","    return { a: a, v: validate };","  }","","  /**","   */","","  function nestedValidator(a, b) {","    var values  = [];","    findValues(b, a.k, 0, values);","","    if (values.length === 1) {","      return validate(a.nv, values[0]);","    }","","    return !!~search(values, a.nv);","  }","","  /**","   */","","  function findValues(current, keypath, index, values) {","","    if (index === keypath.length || current == void 0) {","      values.push(current);","      return;","    }","","    var k = get(keypath, index);","","    // ensure that if current is an array, that the current key","    // is NOT an array index. This sort of thing needs to work:","    // sift({'foo.0':42}, [{foo: [42]}]);","    if (isArray(current) && isNaN(Number(k))) {","      for (var i = 0, n = current.length; i < n; i++) {","        findValues(get(current, i), keypath, index, values);","      }","    } else {","      findValues(get(current, k), keypath, index + 1, values);","    }","  }","","  /**","   */","","  function createNestedValidator(keypath, a) {","    return { a: { k: keypath, nv: a }, v: nestedValidator };","  }","","  /**","   * flatten the query","   */","","  function isVanillaObject(value) {","    return String(value.constructor) === 'Object' || String(value.constructor).replace(/[\\r\\n\\s\\t]/g, '') === 'functionObject(){[nativecode]}';","  }","","  function parse(query) {","    query = comparable(query);","","    if (!query || !isVanillaObject(query)) { // cross browser support","      query = { $eq: query };","    }","","    var validators = [];","","    for (var key in query) {","      var a = query[key];","","      if (key === '$options') {","        continue;","      }","","      if (operator[key]) {","        if (prepare[key]) a = prepare[key](a, query);","        validators.push(createValidator(comparable(a), operator[key]));","      } else {","","        if (key.charCodeAt(0) === 36) {","          throw new Error('Unknown operation ' + key);","        }","","        validators.push(createNestedValidator(key.split('.'), parse(a)));","      }","    }","","    return validators.length === 1 ? validators[0] : createValidator(validators, operator.$and);","  }","","  /**","   */","","  function createRootValidator(query, getter) {","    var validator = parse(query);","    if (getter) {","      validator = {","        a: validator,","        v: function(a, b) {","          return validate(a, getter(b));","        }","      };","    }","    return validator;","  }","","  /**","   */","","  function sift(query, array, getter) {","","    if (isFunction(array)) {","      getter = array;","      array  = void 0;","    }","","    var validator = createRootValidator(query, getter);","","    function filter(b) {","      return validate(validator, b);","    }","","    if (array) {","      return array.filter(filter);","    }","","    return filter;","  }","","  /**","   */","","  sift.use = function(plugin) {","    if (isFunction(plugin)) return plugin(sift);","    for (var key in plugin) {","      if (key.charCodeAt(0) === 36) {","        operator[key] = plugin[key];","      }","    }","  };","","  /**","   */","","  sift.indexOf = function(query, array, getter) {","    return search(array, createRootValidator(query, getter));","  };","","  /**","   */","","  sift.compare = function(a, b) {","    if(a===b) return 0;","    if(typeof a === typeof b) {","      if (a > b) {","        return 1;","      }","      if (a < b) {","        return -1;","      }","    }","  };","","  /* istanbul ignore next */","  if (typeof module !== 'undefined' && typeof module.exports !== 'undefined') {","    module.exports = sift;","  }","","  if (typeof window !== 'undefined') {","    window.sift = sift;","  }","})();",""],"l":{"10":1,"17":1,"18":0,"24":1,"25":0,"31":1,"32":0,"33":0,"34":0,"35":0,"37":0,"41":1,"42":0,"43":0,"45":0,"51":1,"52":7,"53":0,"54":0,"56":0,"57":0,"59":0,"66":1,"67":1,"68":0,"69":0,"71":0,"72":0,"74":0,"78":1,"79":0,"82":1,"88":0,"95":0,"102":0,"103":0,"110":0,"117":0,"124":0,"131":0,"138":0,"146":0,"147":0,"148":0,"149":0,"153":0,"154":0,"155":0,"156":0,"157":0,"161":0,"164":0,"171":0,"178":0,"185":0,"192":0,"199":0,"207":0,"208":0,"209":0,"212":0,"219":0,"220":0,"222":0,"223":0,"224":0,"227":0,"234":0,"241":0,"248":0,"249":0,"251":0,"258":0,"265":1,"272":0,"273":0,"274":0,"276":0,"277":0,"278":0,"280":0,"281":0,"283":0,"284":0,"286":0,"290":0,"291":0,"299":0,"306":0,"313":0,"320":0,"327":0,"334":0,"341":0,"348":0,"355":0,"362":0,"369":1,"371":0,"372":0,"373":0,"377":0,"383":1,"384":0,"390":1,"391":0,"392":0,"394":0,"395":0,"398":0,"404":1,"406":0,"407":0,"408":0,"411":0,"416":0,"417":0,"418":0,"421":0,"428":1,"429":0,"436":1,"437":0,"440":1,"441":0,"443":0,"444":0,"447":0,"449":0,"450":0,"452":0,"453":0,"456":0,"457":0,"458":0,"461":0,"462":0,"465":0,"469":0,"475":1,"476":0,"477":0,"478":0,"481":0,"485":0,"491":1,"493":0,"494":0,"495":0,"498":0,"500":1,"501":0,"504":0,"505":0,"508":0,"514":1,"515":0,"516":0,"517":0,"518":0,"526":1,"527":0,"533":1,"534":0,"535":0,"536":0,"537":0,"539":0,"540":0,"546":1,"547":1,"550":1,"551":0}},"/home/travis/build/npmtest/node-npmtest-sift/node_modules/sift/gulpfile.js":{"path":"/home/travis/build/npmtest/node-npmtest-sift/node_modules/sift/gulpfile.js","s":{"1":2,"2":0,"3":0,"4":0,"5":0,"6":0,"7":0,"8":0,"9":0,"10":0,"11":0,"12":0,"13":0,"14":0,"15":0,"16":0,"17":0,"18":0,"19":0,"20":0,"21":0,"22":0,"23":0,"24":0,"25":0,"26":0,"27":0,"28":0,"29":0,"30":0,"31":0,"32":0,"33":0,"34":0,"35":0,"36":0,"37":0},"b":{"1":[0,0],"2":[0,0],"3":[0,0],"4":[0,0]},"f":{"1":0,"2":0,"3":0,"4":0,"5":0,"6":0,"7":0,"8":0,"9":0,"10":0,"11":0,"12":0},"fnMap":{"1":{"name":"(anonymous_1)","line":36,"loc":{"start":{"line":36,"column":27},"end":{"line":36,"column":47}}},"2":{"name":"(anonymous_2)","line":41,"loc":{"start":{"line":41,"column":15},"end":{"line":41,"column":27}}},"3":{"name":"(anonymous_3)","line":56,"loc":{"start":{"line":56,"column":47},"end":{"line":56,"column":59}}},"4":{"name":"(anonymous_4)","line":64,"loc":{"start":{"line":64,"column":20},"end":{"line":64,"column":31}}},"5":{"name":"(anonymous_5)","line":68,"loc":{"start":{"line":68,"column":14},"end":{"line":68,"column":29}}},"6":{"name":"(anonymous_6)","line":77,"loc":{"start":{"line":77,"column":18},"end":{"line":77,"column":29}}},"7":{"name":"(anonymous_7)","line":84,"loc":{"start":{"line":84,"column":18},"end":{"line":84,"column":29}}},"8":{"name":"(anonymous_8)","line":107,"loc":{"start":{"line":107,"column":20},"end":{"line":107,"column":31}}},"9":{"name":"(anonymous_9)","line":120,"loc":{"start":{"line":120,"column":18},"end":{"line":120,"column":38}}},"10":{"name":"(anonymous_10)","line":135,"loc":{"start":{"line":135,"column":19},"end":{"line":135,"column":31}}},"11":{"name":"(anonymous_11)","line":142,"loc":{"start":{"line":142,"column":21},"end":{"line":142,"column":33}}},"12":{"name":"(anonymous_12)","line":149,"loc":{"start":{"line":149,"column":20},"end":{"line":149,"column":35}}}},"statementMap":{"1":{"start":{"line":1,"column":0},"end":{"line":1,"column":33}},"2":{"start":{"line":2,"column":0},"end":{"line":2,"column":42}},"3":{"start":{"line":3,"column":0},"end":{"line":3,"column":39}},"4":{"start":{"line":4,"column":0},"end":{"line":4,"column":41}},"5":{"start":{"line":5,"column":0},"end":{"line":5,"column":40}},"6":{"start":{"line":6,"column":0},"end":{"line":6,"column":40}},"7":{"start":{"line":7,"column":0},"end":{"line":7,"column":38}},"8":{"start":{"line":8,"column":0},"end":{"line":8,"column":43}},"9":{"start":{"line":9,"column":0},"end":{"line":9,"column":40}},"10":{"start":{"line":10,"column":0},"end":{"line":10,"column":39}},"11":{"start":{"line":12,"column":0},"end":{"line":12,"column":31}},"12":{"start":{"line":17,"column":0},"end":{"line":21,"column":2}},"13":{"start":{"line":26,"column":0},"end":{"line":31,"column":1}},"14":{"start":{"line":36,"column":0},"end":{"line":51,"column":3}},"15":{"start":{"line":37,"column":2},"end":{"line":50,"column":5}},"16":{"start":{"line":42,"column":4},"end":{"line":49,"column":24}},"17":{"start":{"line":56,"column":0},"end":{"line":60,"column":3}},"18":{"start":{"line":57,"column":2},"end":{"line":59,"column":20}},"19":{"start":{"line":64,"column":0},"end":{"line":72,"column":3}},"20":{"start":{"line":65,"column":2},"end":{"line":71,"column":24}},"21":{"start":{"line":69,"column":6},"end":{"line":69,"column":30}},"22":{"start":{"line":77,"column":0},"end":{"line":79,"column":3}},"23":{"start":{"line":78,"column":2},"end":{"line":78,"column":38}},"24":{"start":{"line":84,"column":0},"end":{"line":102,"column":3}},"25":{"start":{"line":85,"column":2},"end":{"line":101,"column":6}},"26":{"start":{"line":107,"column":0},"end":{"line":115,"column":3}},"27":{"start":{"line":108,"column":4},"end":{"line":114,"column":37}},"28":{"start":{"line":120,"column":0},"end":{"line":127,"column":3}},"29":{"start":{"line":121,"column":2},"end":{"line":126,"column":22}},"30":{"start":{"line":129,"column":0},"end":{"line":129,"column":45}},"31":{"start":{"line":135,"column":0},"end":{"line":137,"column":3}},"32":{"start":{"line":136,"column":2},"end":{"line":136,"column":62}},"33":{"start":{"line":142,"column":0},"end":{"line":144,"column":3}},"34":{"start":{"line":143,"column":2},"end":{"line":143,"column":35}},"35":{"start":{"line":149,"column":0},"end":{"line":154,"column":2}},"36":{"start":{"line":153,"column":2},"end":{"line":153,"column":44}},"37":{"start":{"line":153,"column":18},"end":{"line":153,"column":44}}},"branchMap":{"1":{"line":28,"type":"binary-expr","locations":[{"start":{"line":28,"column":13},"end":{"line":28,"column":29}},{"start":{"line":28,"column":33},"end":{"line":28,"column":38}}]},"2":{"line":29,"type":"binary-expr","locations":[{"start":{"line":29,"column":13},"end":{"line":29,"column":25}},{"start":{"line":29,"column":31},"end":{"line":29,"column":43}}]},"3":{"line":153,"type":"if","locations":[{"start":{"line":153,"column":2},"end":{"line":153,"column":2}},{"start":{"line":153,"column":2},"end":{"line":153,"column":2}}]},"4":{"line":153,"type":"cond-expr","locations":[{"start":{"line":153,"column":37},"end":{"line":153,"column":38}},{"start":{"line":153,"column":41},"end":{"line":153,"column":42}}]}},"code":["var gulp       = require(\"gulp\");","var istanbul   = require(\"gulp-istanbul\");","var mocha      = require(\"gulp-mocha\");","var plumber    = require(\"gulp-plumber\");","var jshint     = require(\"gulp-jshint\");","var uglify     = require(\"gulp-uglify\");","var jscs       = require(\"gulp-jscs\");","var coveralls  = require(\"gulp-coveralls\");","var rename     = require(\"gulp-rename\");","var options    = require(\"yargs\").argv;","","var pkg = require(\"./package\");","","/**"," */","","var paths = {","  testFiles  : [\"test/**/*-test.js\"],","  appFiles   : [\"sift.js\"],","  allFiles   : [\"test/**/*-test.js\", \"sift.js\"]","};","","/**"," */","","var mochaOptions = {","  bail     : options.bail     !== 'false',","  reporter : options.reporter || 'dot',","  grep     : options.grep   || options.only,","  timeout  : 500","}","","/**"," */","","gulp.task(\"test-coverage\", function (complete) {","  gulp.","  src(paths.appFiles).","  pipe(istanbul()).","  pipe(istanbul.hookRequire()).","  on(\"finish\", function () {","    gulp.","    src(paths.testFiles).","    pipe(plumber()).","    pipe(mocha(mochaOptions)).","    pipe(istanbul.writeReports({","        reporters: [\"text\",\"text-summary\", \"lcov\"]","    })).","    on(\"end\", complete);","  });","});","","/**"," */","","gulp.task(\"test-coveralls\", [\"test-coverage\"], function () {","  return gulp.","  src(\"coverage/**/lcov.info\").","  pipe(coveralls());","});","/**"," */","","gulp.task(\"minify\", function() {","  return gulp.","  src(\"./\" + pkg.name + \".js\").","  pipe(uglify()).","  pipe(rename(function(path) {","      path.basename += \".min\";","  })).","  pipe(gulp.dest(\"./\"));","});","","/**"," */","","gulp.task(\"lint\", function() {","  return gulp.run([\"jshint\", \"jscs\"]);","});","","/**"," */","","gulp.task(\"jscs\", function() {","  return gulp.","  src(paths.allFiles).","  pipe(jscs({","    \"preset\": \"google\",","    \"requireParenthesesAroundIIFE\": true,","    \"maximumLineLength\": 200,","    \"validateLineBreaks\": \"LF\",","    \"validateIndentation\": 2,","    \"validateQuoteMarks\": \"\\\"\",","","    \"disallowKeywords\": [\"with\"],","    \"disallowSpacesInsideObjectBrackets\": null,","    \"disallowImplicitTypeConversion\": [\"string\"],","    \"requireCurlyBraces\": [],","","    \"safeContextKeyword\": \"self\"","  }));","});","","/**"," */","","gulp.task(\"jshint\", function() {","    return gulp.","    src(paths.allFiles).","    pipe(jshint({","      es3: true,","      evil: true","    })).","    pipe(jshint.reporter('default'));","});","","/**"," */","","gulp.task(\"test\", function (complete) {","  gulp.","  src(paths.testFiles, { read: false }).","  pipe(plumber()).","  pipe(mocha(mochaOptions)).","  on(\"error\", complete).","  on(\"end\", complete);","});","","var iofwatch = process.argv.indexOf(\"watch\");","","/**"," * runs previous tasks (1 or more)"," */","","gulp.task(\"watch\", function () {","  gulp.watch(paths.allFiles, process.argv.slice(2, iofwatch));","});","","/**"," */","","gulp.task(\"default\", function () {","  return gulp.run(\"test-coverage\");","});","","/**"," */","","gulp.doneCallback = function (err) {","","  // a bit hacky, but fixes issue with testing where process","  // doesn't exist process. Also fixes case where timeout / interval are set (CC)","  if (!~iofwatch) process.exit(err ? 1 : 0);","};",""],"l":{"1":2,"2":0,"3":0,"4":0,"5":0,"6":0,"7":0,"8":0,"9":0,"10":0,"12":0,"17":0,"26":0,"36":0,"37":0,"42":0,"56":0,"57":0,"64":0,"65":0,"69":0,"77":0,"78":0,"84":0,"85":0,"107":0,"108":0,"120":0,"121":0,"129":0,"135":0,"136":0,"142":0,"143":0,"149":0,"153":0}}}